The system is: Linux - 4.15.0-88-generic - x86_64
Compiling the CXX compiler identification source file "CMakeCXXCompilerId.cpp" succeeded.
Compiler: /usr/bin/c++ 
Build flags: 
Id flags:  

The output was:
0


Compilation of the CXX compiler identification source "CMakeCXXCompilerId.cpp" produced "a.out"

The CXX compiler identification is GNU, found in "/mnt/hgfs/vmlinux_shared/packages_dev/hipp/cmake/CMakeFiles/3.10.2/CompilerIdCXX/a.out"

Determining if the CXX compiler works passed with the following output:
Change Dir: /mnt/hgfs/vmlinux_shared/packages_dev/hipp/cmake/CMakeFiles/CMakeTmp

Run Build Command:"/usr/bin/make" "cmTC_46883/fast"
/usr/bin/make -f CMakeFiles/cmTC_46883.dir/build.make CMakeFiles/cmTC_46883.dir/build
make[1]: Entering directory '/mnt/hgfs/vmlinux_shared/packages_dev/hipp/cmake/CMakeFiles/CMakeTmp'
Building CXX object CMakeFiles/cmTC_46883.dir/testCXXCompiler.cxx.o
/usr/bin/c++     -o CMakeFiles/cmTC_46883.dir/testCXXCompiler.cxx.o -c /mnt/hgfs/vmlinux_shared/packages_dev/hipp/cmake/CMakeFiles/CMakeTmp/testCXXCompiler.cxx
Linking CXX executable cmTC_46883
/usr/bin/cmake -E cmake_link_script CMakeFiles/cmTC_46883.dir/link.txt --verbose=1
/usr/bin/c++       CMakeFiles/cmTC_46883.dir/testCXXCompiler.cxx.o  -o cmTC_46883 
make[1]: Leaving directory '/mnt/hgfs/vmlinux_shared/packages_dev/hipp/cmake/CMakeFiles/CMakeTmp'


Detecting CXX compiler ABI info compiled with the following output:
Change Dir: /mnt/hgfs/vmlinux_shared/packages_dev/hipp/cmake/CMakeFiles/CMakeTmp

Run Build Command:"/usr/bin/make" "cmTC_76b78/fast"
/usr/bin/make -f CMakeFiles/cmTC_76b78.dir/build.make CMakeFiles/cmTC_76b78.dir/build
make[1]: Entering directory '/mnt/hgfs/vmlinux_shared/packages_dev/hipp/cmake/CMakeFiles/CMakeTmp'
Building CXX object CMakeFiles/cmTC_76b78.dir/CMakeCXXCompilerABI.cpp.o
/usr/bin/c++     -o CMakeFiles/cmTC_76b78.dir/CMakeCXXCompilerABI.cpp.o -c /usr/share/cmake-3.10/Modules/CMakeCXXCompilerABI.cpp
Linking CXX executable cmTC_76b78
/usr/bin/cmake -E cmake_link_script CMakeFiles/cmTC_76b78.dir/link.txt --verbose=1
/usr/bin/c++      -v CMakeFiles/cmTC_76b78.dir/CMakeCXXCompilerABI.cpp.o  -o cmTC_76b78 
Using built-in specs.
COLLECT_GCC=/usr/bin/c++
COLLECT_LTO_WRAPPER=/usr/lib/gcc/x86_64-linux-gnu/7/lto-wrapper
OFFLOAD_TARGET_NAMES=nvptx-none
OFFLOAD_TARGET_DEFAULT=1
Target: x86_64-linux-gnu
Configured with: ../src/configure -v --with-pkgversion='Ubuntu 7.4.0-1ubuntu1~18.04.1' --with-bugurl=file:///usr/share/doc/gcc-7/README.Bugs --enable-languages=c,ada,c++,go,brig,d,fortran,objc,obj-c++ --prefix=/usr --with-gcc-major-version-only --program-suffix=-7 --program-prefix=x86_64-linux-gnu- --enable-shared --enable-linker-build-id --libexecdir=/usr/lib --without-included-gettext --enable-threads=posix --libdir=/usr/lib --enable-nls --with-sysroot=/ --enable-clocale=gnu --enable-libstdcxx-debug --enable-libstdcxx-time=yes --with-default-libstdcxx-abi=new --enable-gnu-unique-object --disable-vtable-verify --enable-libmpx --enable-plugin --enable-default-pie --with-system-zlib --with-target-system-zlib --enable-objc-gc=auto --enable-multiarch --disable-werror --with-arch-32=i686 --with-abi=m64 --with-multilib-list=m32,m64,mx32 --enable-multilib --with-tune=generic --enable-offload-targets=nvptx-none --without-cuda-driver --enable-checking=release --build=x86_64-linux-gnu --host=x86_64-linux-gnu --target=x86_64-linux-gnu
Thread model: posix
gcc version 7.4.0 (Ubuntu 7.4.0-1ubuntu1~18.04.1) 
COMPILER_PATH=/usr/lib/gcc/x86_64-linux-gnu/7/:/usr/lib/gcc/x86_64-linux-gnu/7/:/usr/lib/gcc/x86_64-linux-gnu/:/usr/lib/gcc/x86_64-linux-gnu/7/:/usr/lib/gcc/x86_64-linux-gnu/
LIBRARY_PATH=/home/yangyao//library/lib/hdf5/../lib/:/home/yangyao//library/lib/MultiNest/../lib/:/home/yangyao//library/lib/lapack/../lib/:/home/yangyao//library/lib/fftw2f/../lib/:/home/yangyao//library/lib/fftw2/../lib/:/home/yangyao//library/lib/fftwf/../lib/:/home/yangyao//library/lib/fftw/../lib/:/home/yangyao//library/lib/gsl/../lib/:/home/yangyao//library/lib/hipp/../lib/:/home/yangyao//library/lib/mycosmolib/../lib/:/home/yangyao//library/lib/mycpplib/../lib/:/home/yangyao//library/lib/../lib/:/usr/lib/gcc/x86_64-linux-gnu/7/:/usr/lib/gcc/x86_64-linux-gnu/7/../../../x86_64-linux-gnu/:/usr/lib/gcc/x86_64-linux-gnu/7/../../../../lib/:/lib/x86_64-linux-gnu/:/lib/../lib/:/usr/lib/x86_64-linux-gnu/:/usr/lib/../lib/:/home/yangyao//library/lib/hdf5/:/home/yangyao//library/lib/cuba/:/home/yangyao//library/lib/MultiNest/:/home/yangyao//library/lib/lapack/:/home/yangyao//library/lib/fftw2f/:/home/yangyao//library/lib/fftw2/:/home/yangyao//library/lib/fftwf/:/home/yangyao//library/lib/fftw/:/home/yangyao//library/lib/gsl/:/home/yangyao//library/lib/hipp/:/home/yangyao//library/lib/mycosmolib/:/home/yangyao//library/lib/mycpplib/:/home/yangyao//library/lib/:/usr/lib/gcc/x86_64-linux-gnu/7/../../../:/lib/:/usr/lib/
COLLECT_GCC_OPTIONS='-v' '-o' 'cmTC_76b78' '-shared-libgcc' '-mtune=generic' '-march=x86-64'
 /usr/lib/gcc/x86_64-linux-gnu/7/collect2 -plugin /usr/lib/gcc/x86_64-linux-gnu/7/liblto_plugin.so -plugin-opt=/usr/lib/gcc/x86_64-linux-gnu/7/lto-wrapper -plugin-opt=-fresolution=/tmp/ccZa3LJv.res -plugin-opt=-pass-through=-lgcc_s -plugin-opt=-pass-through=-lgcc -plugin-opt=-pass-through=-lc -plugin-opt=-pass-through=-lgcc_s -plugin-opt=-pass-through=-lgcc --sysroot=/ --build-id --eh-frame-hdr -m elf_x86_64 --hash-style=gnu --as-needed -dynamic-linker /lib64/ld-linux-x86-64.so.2 -pie -z now -z relro -o cmTC_76b78 /usr/lib/gcc/x86_64-linux-gnu/7/../../../x86_64-linux-gnu/Scrt1.o /usr/lib/gcc/x86_64-linux-gnu/7/../../../x86_64-linux-gnu/crti.o /usr/lib/gcc/x86_64-linux-gnu/7/crtbeginS.o -L/home/yangyao//library/lib/hdf5/../lib -L/home/yangyao//library/lib/MultiNest/../lib -L/home/yangyao//library/lib/lapack/../lib -L/home/yangyao//library/lib/fftw2f/../lib -L/home/yangyao//library/lib/fftw2/../lib -L/home/yangyao//library/lib/fftwf/../lib -L/home/yangyao//library/lib/fftw/../lib -L/home/yangyao//library/lib/gsl/../lib -L/home/yangyao//library/lib/hipp/../lib -L/home/yangyao//library/lib/mycosmolib/../lib -L/home/yangyao//library/lib/mycpplib/../lib -L/home/yangyao//library/lib/../lib -L/usr/lib/gcc/x86_64-linux-gnu/7 -L/usr/lib/gcc/x86_64-linux-gnu/7/../../../x86_64-linux-gnu -L/usr/lib/gcc/x86_64-linux-gnu/7/../../../../lib -L/lib/x86_64-linux-gnu -L/lib/../lib -L/usr/lib/x86_64-linux-gnu -L/usr/lib/../lib -L/home/yangyao//library/lib/hdf5 -L/home/yangyao//library/lib/cuba -L/home/yangyao//library/lib/MultiNest -L/home/yangyao//library/lib/lapack -L/home/yangyao//library/lib/fftw2f -L/home/yangyao//library/lib/fftw2 -L/home/yangyao//library/lib/fftwf -L/home/yangyao//library/lib/fftw -L/home/yangyao//library/lib/gsl -L/home/yangyao//library/lib/hipp -L/home/yangyao//library/lib/mycosmolib -L/home/yangyao//library/lib/mycpplib -L/home/yangyao//library/lib -L/usr/lib/gcc/x86_64-linux-gnu/7/../../.. CMakeFiles/cmTC_76b78.dir/CMakeCXXCompilerABI.cpp.o -lstdc++ -lm -lgcc_s -lgcc -lc -lgcc_s -lgcc /usr/lib/gcc/x86_64-linux-gnu/7/crtendS.o /usr/lib/gcc/x86_64-linux-gnu/7/../../../x86_64-linux-gnu/crtn.o
COLLECT_GCC_OPTIONS='-v' '-o' 'cmTC_76b78' '-shared-libgcc' '-mtune=generic' '-march=x86-64'
make[1]: Leaving directory '/mnt/hgfs/vmlinux_shared/packages_dev/hipp/cmake/CMakeFiles/CMakeTmp'


Parsed CXX implicit link information from above output:
  link line regex: [^( *|.*[/\])(ld|CMAKE_LINK_STARTFILE-NOTFOUND|([^/\]+-)?ld|collect2)[^/\]*( |$)]
  ignore line: [Change Dir: /mnt/hgfs/vmlinux_shared/packages_dev/hipp/cmake/CMakeFiles/CMakeTmp]
  ignore line: []
  ignore line: [Run Build Command:"/usr/bin/make" "cmTC_76b78/fast"]
  ignore line: [/usr/bin/make -f CMakeFiles/cmTC_76b78.dir/build.make CMakeFiles/cmTC_76b78.dir/build]
  ignore line: [make[1]: Entering directory '/mnt/hgfs/vmlinux_shared/packages_dev/hipp/cmake/CMakeFiles/CMakeTmp']
  ignore line: [Building CXX object CMakeFiles/cmTC_76b78.dir/CMakeCXXCompilerABI.cpp.o]
  ignore line: [/usr/bin/c++     -o CMakeFiles/cmTC_76b78.dir/CMakeCXXCompilerABI.cpp.o -c /usr/share/cmake-3.10/Modules/CMakeCXXCompilerABI.cpp]
  ignore line: [Linking CXX executable cmTC_76b78]
  ignore line: [/usr/bin/cmake -E cmake_link_script CMakeFiles/cmTC_76b78.dir/link.txt --verbose=1]
  ignore line: [/usr/bin/c++      -v CMakeFiles/cmTC_76b78.dir/CMakeCXXCompilerABI.cpp.o  -o cmTC_76b78 ]
  ignore line: [Using built-in specs.]
  ignore line: [COLLECT_GCC=/usr/bin/c++]
  ignore line: [COLLECT_LTO_WRAPPER=/usr/lib/gcc/x86_64-linux-gnu/7/lto-wrapper]
  ignore line: [OFFLOAD_TARGET_NAMES=nvptx-none]
  ignore line: [OFFLOAD_TARGET_DEFAULT=1]
  ignore line: [Target: x86_64-linux-gnu]
  ignore line: [Configured with: ../src/configure -v --with-pkgversion='Ubuntu 7.4.0-1ubuntu1~18.04.1' --with-bugurl=file:///usr/share/doc/gcc-7/README.Bugs --enable-languages=c,ada,c++,go,brig,d,fortran,objc,obj-c++ --prefix=/usr --with-gcc-major-version-only --program-suffix=-7 --program-prefix=x86_64-linux-gnu- --enable-shared --enable-linker-build-id --libexecdir=/usr/lib --without-included-gettext --enable-threads=posix --libdir=/usr/lib --enable-nls --with-sysroot=/ --enable-clocale=gnu --enable-libstdcxx-debug --enable-libstdcxx-time=yes --with-default-libstdcxx-abi=new --enable-gnu-unique-object --disable-vtable-verify --enable-libmpx --enable-plugin --enable-default-pie --with-system-zlib --with-target-system-zlib --enable-objc-gc=auto --enable-multiarch --disable-werror --with-arch-32=i686 --with-abi=m64 --with-multilib-list=m32,m64,mx32 --enable-multilib --with-tune=generic --enable-offload-targets=nvptx-none --without-cuda-driver --enable-checking=release --build=x86_64-linux-gnu --host=x86_64-linux-gnu --target=x86_64-linux-gnu]
  ignore line: [Thread model: posix]
  ignore line: [gcc version 7.4.0 (Ubuntu 7.4.0-1ubuntu1~18.04.1) ]
  ignore line: [COMPILER_PATH=/usr/lib/gcc/x86_64-linux-gnu/7/:/usr/lib/gcc/x86_64-linux-gnu/7/:/usr/lib/gcc/x86_64-linux-gnu/:/usr/lib/gcc/x86_64-linux-gnu/7/:/usr/lib/gcc/x86_64-linux-gnu/]
  ignore line: [LIBRARY_PATH=/home/yangyao//library/lib/hdf5/../lib/:/home/yangyao//library/lib/MultiNest/../lib/:/home/yangyao//library/lib/lapack/../lib/:/home/yangyao//library/lib/fftw2f/../lib/:/home/yangyao//library/lib/fftw2/../lib/:/home/yangyao//library/lib/fftwf/../lib/:/home/yangyao//library/lib/fftw/../lib/:/home/yangyao//library/lib/gsl/../lib/:/home/yangyao//library/lib/hipp/../lib/:/home/yangyao//library/lib/mycosmolib/../lib/:/home/yangyao//library/lib/mycpplib/../lib/:/home/yangyao//library/lib/../lib/:/usr/lib/gcc/x86_64-linux-gnu/7/:/usr/lib/gcc/x86_64-linux-gnu/7/../../../x86_64-linux-gnu/:/usr/lib/gcc/x86_64-linux-gnu/7/../../../../lib/:/lib/x86_64-linux-gnu/:/lib/../lib/:/usr/lib/x86_64-linux-gnu/:/usr/lib/../lib/:/home/yangyao//library/lib/hdf5/:/home/yangyao//library/lib/cuba/:/home/yangyao//library/lib/MultiNest/:/home/yangyao//library/lib/lapack/:/home/yangyao//library/lib/fftw2f/:/home/yangyao//library/lib/fftw2/:/home/yangyao//library/lib/fftwf/:/home/yangyao//library/lib/fftw/:/home/yangyao//library/lib/gsl/:/home/yangyao//library/lib/hipp/:/home/yangyao//library/lib/mycosmolib/:/home/yangyao//library/lib/mycpplib/:/home/yangyao//library/lib/:/usr/lib/gcc/x86_64-linux-gnu/7/../../../:/lib/:/usr/lib/]
  ignore line: [COLLECT_GCC_OPTIONS='-v' '-o' 'cmTC_76b78' '-shared-libgcc' '-mtune=generic' '-march=x86-64']
  link line: [ /usr/lib/gcc/x86_64-linux-gnu/7/collect2 -plugin /usr/lib/gcc/x86_64-linux-gnu/7/liblto_plugin.so -plugin-opt=/usr/lib/gcc/x86_64-linux-gnu/7/lto-wrapper -plugin-opt=-fresolution=/tmp/ccZa3LJv.res -plugin-opt=-pass-through=-lgcc_s -plugin-opt=-pass-through=-lgcc -plugin-opt=-pass-through=-lc -plugin-opt=-pass-through=-lgcc_s -plugin-opt=-pass-through=-lgcc --sysroot=/ --build-id --eh-frame-hdr -m elf_x86_64 --hash-style=gnu --as-needed -dynamic-linker /lib64/ld-linux-x86-64.so.2 -pie -z now -z relro -o cmTC_76b78 /usr/lib/gcc/x86_64-linux-gnu/7/../../../x86_64-linux-gnu/Scrt1.o /usr/lib/gcc/x86_64-linux-gnu/7/../../../x86_64-linux-gnu/crti.o /usr/lib/gcc/x86_64-linux-gnu/7/crtbeginS.o -L/home/yangyao//library/lib/hdf5/../lib -L/home/yangyao//library/lib/MultiNest/../lib -L/home/yangyao//library/lib/lapack/../lib -L/home/yangyao//library/lib/fftw2f/../lib -L/home/yangyao//library/lib/fftw2/../lib -L/home/yangyao//library/lib/fftwf/../lib -L/home/yangyao//library/lib/fftw/../lib -L/home/yangyao//library/lib/gsl/../lib -L/home/yangyao//library/lib/hipp/../lib -L/home/yangyao//library/lib/mycosmolib/../lib -L/home/yangyao//library/lib/mycpplib/../lib -L/home/yangyao//library/lib/../lib -L/usr/lib/gcc/x86_64-linux-gnu/7 -L/usr/lib/gcc/x86_64-linux-gnu/7/../../../x86_64-linux-gnu -L/usr/lib/gcc/x86_64-linux-gnu/7/../../../../lib -L/lib/x86_64-linux-gnu -L/lib/../lib -L/usr/lib/x86_64-linux-gnu -L/usr/lib/../lib -L/home/yangyao//library/lib/hdf5 -L/home/yangyao//library/lib/cuba -L/home/yangyao//library/lib/MultiNest -L/home/yangyao//library/lib/lapack -L/home/yangyao//library/lib/fftw2f -L/home/yangyao//library/lib/fftw2 -L/home/yangyao//library/lib/fftwf -L/home/yangyao//library/lib/fftw -L/home/yangyao//library/lib/gsl -L/home/yangyao//library/lib/hipp -L/home/yangyao//library/lib/mycosmolib -L/home/yangyao//library/lib/mycpplib -L/home/yangyao//library/lib -L/usr/lib/gcc/x86_64-linux-gnu/7/../../.. CMakeFiles/cmTC_76b78.dir/CMakeCXXCompilerABI.cpp.o -lstdc++ -lm -lgcc_s -lgcc -lc -lgcc_s -lgcc /usr/lib/gcc/x86_64-linux-gnu/7/crtendS.o /usr/lib/gcc/x86_64-linux-gnu/7/../../../x86_64-linux-gnu/crtn.o]
    arg [/usr/lib/gcc/x86_64-linux-gnu/7/collect2] ==> ignore
    arg [-plugin] ==> ignore
    arg [/usr/lib/gcc/x86_64-linux-gnu/7/liblto_plugin.so] ==> ignore
    arg [-plugin-opt=/usr/lib/gcc/x86_64-linux-gnu/7/lto-wrapper] ==> ignore
    arg [-plugin-opt=-fresolution=/tmp/ccZa3LJv.res] ==> ignore
    arg [-plugin-opt=-pass-through=-lgcc_s] ==> ignore
    arg [-plugin-opt=-pass-through=-lgcc] ==> ignore
    arg [-plugin-opt=-pass-through=-lc] ==> ignore
    arg [-plugin-opt=-pass-through=-lgcc_s] ==> ignore
    arg [-plugin-opt=-pass-through=-lgcc] ==> ignore
    arg [--sysroot=/] ==> ignore
    arg [--build-id] ==> ignore
    arg [--eh-frame-hdr] ==> ignore
    arg [-m] ==> ignore
    arg [elf_x86_64] ==> ignore
    arg [--hash-style=gnu] ==> ignore
    arg [--as-needed] ==> ignore
    arg [-dynamic-linker] ==> ignore
    arg [/lib64/ld-linux-x86-64.so.2] ==> ignore
    arg [-pie] ==> ignore
    arg [-znow] ==> ignore
    arg [-zrelro] ==> ignore
    arg [-o] ==> ignore
    arg [cmTC_76b78] ==> ignore
    arg [/usr/lib/gcc/x86_64-linux-gnu/7/../../../x86_64-linux-gnu/Scrt1.o] ==> ignore
    arg [/usr/lib/gcc/x86_64-linux-gnu/7/../../../x86_64-linux-gnu/crti.o] ==> ignore
    arg [/usr/lib/gcc/x86_64-linux-gnu/7/crtbeginS.o] ==> ignore
    arg [-L/home/yangyao//library/lib/hdf5/../lib] ==> dir [/home/yangyao//library/lib/hdf5/../lib]
    arg [-L/home/yangyao//library/lib/MultiNest/../lib] ==> dir [/home/yangyao//library/lib/MultiNest/../lib]
    arg [-L/home/yangyao//library/lib/lapack/../lib] ==> dir [/home/yangyao//library/lib/lapack/../lib]
    arg [-L/home/yangyao//library/lib/fftw2f/../lib] ==> dir [/home/yangyao//library/lib/fftw2f/../lib]
    arg [-L/home/yangyao//library/lib/fftw2/../lib] ==> dir [/home/yangyao//library/lib/fftw2/../lib]
    arg [-L/home/yangyao//library/lib/fftwf/../lib] ==> dir [/home/yangyao//library/lib/fftwf/../lib]
    arg [-L/home/yangyao//library/lib/fftw/../lib] ==> dir [/home/yangyao//library/lib/fftw/../lib]
    arg [-L/home/yangyao//library/lib/gsl/../lib] ==> dir [/home/yangyao//library/lib/gsl/../lib]
    arg [-L/home/yangyao//library/lib/hipp/../lib] ==> dir [/home/yangyao//library/lib/hipp/../lib]
    arg [-L/home/yangyao//library/lib/mycosmolib/../lib] ==> dir [/home/yangyao//library/lib/mycosmolib/../lib]
    arg [-L/home/yangyao//library/lib/mycpplib/../lib] ==> dir [/home/yangyao//library/lib/mycpplib/../lib]
    arg [-L/home/yangyao//library/lib/../lib] ==> dir [/home/yangyao//library/lib/../lib]
    arg [-L/usr/lib/gcc/x86_64-linux-gnu/7] ==> dir [/usr/lib/gcc/x86_64-linux-gnu/7]
    arg [-L/usr/lib/gcc/x86_64-linux-gnu/7/../../../x86_64-linux-gnu] ==> dir [/usr/lib/gcc/x86_64-linux-gnu/7/../../../x86_64-linux-gnu]
    arg [-L/usr/lib/gcc/x86_64-linux-gnu/7/../../../../lib] ==> dir [/usr/lib/gcc/x86_64-linux-gnu/7/../../../../lib]
    arg [-L/lib/x86_64-linux-gnu] ==> dir [/lib/x86_64-linux-gnu]
    arg [-L/lib/../lib] ==> dir [/lib/../lib]
    arg [-L/usr/lib/x86_64-linux-gnu] ==> dir [/usr/lib/x86_64-linux-gnu]
    arg [-L/usr/lib/../lib] ==> dir [/usr/lib/../lib]
    arg [-L/home/yangyao//library/lib/hdf5] ==> dir [/home/yangyao//library/lib/hdf5]
    arg [-L/home/yangyao//library/lib/cuba] ==> dir [/home/yangyao//library/lib/cuba]
    arg [-L/home/yangyao//library/lib/MultiNest] ==> dir [/home/yangyao//library/lib/MultiNest]
    arg [-L/home/yangyao//library/lib/lapack] ==> dir [/home/yangyao//library/lib/lapack]
    arg [-L/home/yangyao//library/lib/fftw2f] ==> dir [/home/yangyao//library/lib/fftw2f]
    arg [-L/home/yangyao//library/lib/fftw2] ==> dir [/home/yangyao//library/lib/fftw2]
    arg [-L/home/yangyao//library/lib/fftwf] ==> dir [/home/yangyao//library/lib/fftwf]
    arg [-L/home/yangyao//library/lib/fftw] ==> dir [/home/yangyao//library/lib/fftw]
    arg [-L/home/yangyao//library/lib/gsl] ==> dir [/home/yangyao//library/lib/gsl]
    arg [-L/home/yangyao//library/lib/hipp] ==> dir [/home/yangyao//library/lib/hipp]
    arg [-L/home/yangyao//library/lib/mycosmolib] ==> dir [/home/yangyao//library/lib/mycosmolib]
    arg [-L/home/yangyao//library/lib/mycpplib] ==> dir [/home/yangyao//library/lib/mycpplib]
    arg [-L/home/yangyao//library/lib] ==> dir [/home/yangyao//library/lib]
    arg [-L/usr/lib/gcc/x86_64-linux-gnu/7/../../..] ==> dir [/usr/lib/gcc/x86_64-linux-gnu/7/../../..]
    arg [CMakeFiles/cmTC_76b78.dir/CMakeCXXCompilerABI.cpp.o] ==> ignore
    arg [-lstdc++] ==> lib [stdc++]
    arg [-lm] ==> lib [m]
    arg [-lgcc_s] ==> lib [gcc_s]
    arg [-lgcc] ==> lib [gcc]
    arg [-lc] ==> lib [c]
    arg [-lgcc_s] ==> lib [gcc_s]
    arg [-lgcc] ==> lib [gcc]
    arg [/usr/lib/gcc/x86_64-linux-gnu/7/crtendS.o] ==> ignore
    arg [/usr/lib/gcc/x86_64-linux-gnu/7/../../../x86_64-linux-gnu/crtn.o] ==> ignore
  collapse library dir [/home/yangyao//library/lib/hdf5/../lib] ==> [/home/yangyao/library/lib/lib]
  collapse library dir [/home/yangyao//library/lib/MultiNest/../lib] ==> [/home/yangyao/library/lib/lib]
  collapse library dir [/home/yangyao//library/lib/lapack/../lib] ==> [/home/yangyao/library/lib/lib]
  collapse library dir [/home/yangyao//library/lib/fftw2f/../lib] ==> [/home/yangyao/library/lib/lib]
  collapse library dir [/home/yangyao//library/lib/fftw2/../lib] ==> [/home/yangyao/library/lib/lib]
  collapse library dir [/home/yangyao//library/lib/fftwf/../lib] ==> [/home/yangyao/library/lib/lib]
  collapse library dir [/home/yangyao//library/lib/fftw/../lib] ==> [/home/yangyao/library/lib/lib]
  collapse library dir [/home/yangyao//library/lib/gsl/../lib] ==> [/home/yangyao/library/lib/lib]
  collapse library dir [/home/yangyao//library/lib/hipp/../lib] ==> [/home/yangyao/library/lib/lib]
  collapse library dir [/home/yangyao//library/lib/mycosmolib/../lib] ==> [/home/yangyao/library/lib/lib]
  collapse library dir [/home/yangyao//library/lib/mycpplib/../lib] ==> [/home/yangyao/library/lib/lib]
  collapse library dir [/home/yangyao//library/lib/../lib] ==> [/home/yangyao/library/lib]
  collapse library dir [/usr/lib/gcc/x86_64-linux-gnu/7] ==> [/usr/lib/gcc/x86_64-linux-gnu/7]
  collapse library dir [/usr/lib/gcc/x86_64-linux-gnu/7/../../../x86_64-linux-gnu] ==> [/usr/lib/x86_64-linux-gnu]
  collapse library dir [/usr/lib/gcc/x86_64-linux-gnu/7/../../../../lib] ==> [/usr/lib]
  collapse library dir [/lib/x86_64-linux-gnu] ==> [/lib/x86_64-linux-gnu]
  collapse library dir [/lib/../lib] ==> [/lib]
  collapse library dir [/usr/lib/x86_64-linux-gnu] ==> [/usr/lib/x86_64-linux-gnu]
  collapse library dir [/usr/lib/../lib] ==> [/usr/lib]
  collapse library dir [/home/yangyao//library/lib/hdf5] ==> [/home/yangyao/library/lib/hdf5]
  collapse library dir [/home/yangyao//library/lib/cuba] ==> [/home/yangyao/library/lib/cuba]
  collapse library dir [/home/yangyao//library/lib/MultiNest] ==> [/home/yangyao/library/lib/MultiNest]
  collapse library dir [/home/yangyao//library/lib/lapack] ==> [/home/yangyao/library/lib/lapack]
  collapse library dir [/home/yangyao//library/lib/fftw2f] ==> [/home/yangyao/library/lib/fftw2f]
  collapse library dir [/home/yangyao//library/lib/fftw2] ==> [/home/yangyao/library/lib/fftw2]
  collapse library dir [/home/yangyao//library/lib/fftwf] ==> [/home/yangyao/library/lib/fftwf]
  collapse library dir [/home/yangyao//library/lib/fftw] ==> [/home/yangyao/library/lib/fftw]
  collapse library dir [/home/yangyao//library/lib/gsl] ==> [/home/yangyao/library/lib/gsl]
  collapse library dir [/home/yangyao//library/lib/hipp] ==> [/home/yangyao/library/lib/hipp]
  collapse library dir [/home/yangyao//library/lib/mycosmolib] ==> [/home/yangyao/library/lib/mycosmolib]
  collapse library dir [/home/yangyao//library/lib/mycpplib] ==> [/home/yangyao/library/lib/mycpplib]
  collapse library dir [/home/yangyao//library/lib] ==> [/home/yangyao/library/lib]
  collapse library dir [/usr/lib/gcc/x86_64-linux-gnu/7/../../..] ==> [/usr/lib]
  implicit libs: [stdc++;m;gcc_s;gcc;c;gcc_s;gcc]
  implicit dirs: [/home/yangyao/library/lib/lib;/home/yangyao/library/lib;/usr/lib/gcc/x86_64-linux-gnu/7;/usr/lib/x86_64-linux-gnu;/usr/lib;/lib/x86_64-linux-gnu;/lib;/home/yangyao/library/lib/hdf5;/home/yangyao/library/lib/cuba;/home/yangyao/library/lib/MultiNest;/home/yangyao/library/lib/lapack;/home/yangyao/library/lib/fftw2f;/home/yangyao/library/lib/fftw2;/home/yangyao/library/lib/fftwf;/home/yangyao/library/lib/fftw;/home/yangyao/library/lib/gsl;/home/yangyao/library/lib/hipp;/home/yangyao/library/lib/mycosmolib;/home/yangyao/library/lib/mycpplib]
  implicit fwks: []




Detecting CXX [-std=c++1z] compiler features compiled with the following output:
Change Dir: /mnt/hgfs/vmlinux_shared/packages_dev/hipp/cmake/CMakeFiles/CMakeTmp

Run Build Command:"/usr/bin/make" "cmTC_078bf/fast"
/usr/bin/make -f CMakeFiles/cmTC_078bf.dir/build.make CMakeFiles/cmTC_078bf.dir/build
make[1]: Entering directory '/mnt/hgfs/vmlinux_shared/packages_dev/hipp/cmake/CMakeFiles/CMakeTmp'
Building CXX object CMakeFiles/cmTC_078bf.dir/feature_tests.cxx.o
/usr/bin/c++    -std=c++1z -o CMakeFiles/cmTC_078bf.dir/feature_tests.cxx.o -c /mnt/hgfs/vmlinux_shared/packages_dev/hipp/cmake/CMakeFiles/feature_tests.cxx
Linking CXX executable cmTC_078bf
/usr/bin/cmake -E cmake_link_script CMakeFiles/cmTC_078bf.dir/link.txt --verbose=1
/usr/bin/c++       CMakeFiles/cmTC_078bf.dir/feature_tests.cxx.o  -o cmTC_078bf 
make[1]: Leaving directory '/mnt/hgfs/vmlinux_shared/packages_dev/hipp/cmake/CMakeFiles/CMakeTmp'


    Feature record: CXX_FEATURE:1cxx_aggregate_default_initializers
    Feature record: CXX_FEATURE:1cxx_alias_templates
    Feature record: CXX_FEATURE:1cxx_alignas
    Feature record: CXX_FEATURE:1cxx_alignof
    Feature record: CXX_FEATURE:1cxx_attributes
    Feature record: CXX_FEATURE:1cxx_attribute_deprecated
    Feature record: CXX_FEATURE:1cxx_auto_type
    Feature record: CXX_FEATURE:1cxx_binary_literals
    Feature record: CXX_FEATURE:1cxx_constexpr
    Feature record: CXX_FEATURE:1cxx_contextual_conversions
    Feature record: CXX_FEATURE:1cxx_decltype
    Feature record: CXX_FEATURE:1cxx_decltype_auto
    Feature record: CXX_FEATURE:1cxx_decltype_incomplete_return_types
    Feature record: CXX_FEATURE:1cxx_default_function_template_args
    Feature record: CXX_FEATURE:1cxx_defaulted_functions
    Feature record: CXX_FEATURE:1cxx_defaulted_move_initializers
    Feature record: CXX_FEATURE:1cxx_delegating_constructors
    Feature record: CXX_FEATURE:1cxx_deleted_functions
    Feature record: CXX_FEATURE:1cxx_digit_separators
    Feature record: CXX_FEATURE:1cxx_enum_forward_declarations
    Feature record: CXX_FEATURE:1cxx_explicit_conversions
    Feature record: CXX_FEATURE:1cxx_extended_friend_declarations
    Feature record: CXX_FEATURE:1cxx_extern_templates
    Feature record: CXX_FEATURE:1cxx_final
    Feature record: CXX_FEATURE:1cxx_func_identifier
    Feature record: CXX_FEATURE:1cxx_generalized_initializers
    Feature record: CXX_FEATURE:1cxx_generic_lambdas
    Feature record: CXX_FEATURE:1cxx_inheriting_constructors
    Feature record: CXX_FEATURE:1cxx_inline_namespaces
    Feature record: CXX_FEATURE:1cxx_lambdas
    Feature record: CXX_FEATURE:1cxx_lambda_init_captures
    Feature record: CXX_FEATURE:1cxx_local_type_template_args
    Feature record: CXX_FEATURE:1cxx_long_long_type
    Feature record: CXX_FEATURE:1cxx_noexcept
    Feature record: CXX_FEATURE:1cxx_nonstatic_member_init
    Feature record: CXX_FEATURE:1cxx_nullptr
    Feature record: CXX_FEATURE:1cxx_override
    Feature record: CXX_FEATURE:1cxx_range_for
    Feature record: CXX_FEATURE:1cxx_raw_string_literals
    Feature record: CXX_FEATURE:1cxx_reference_qualified_functions
    Feature record: CXX_FEATURE:1cxx_relaxed_constexpr
    Feature record: CXX_FEATURE:1cxx_return_type_deduction
    Feature record: CXX_FEATURE:1cxx_right_angle_brackets
    Feature record: CXX_FEATURE:1cxx_rvalue_references
    Feature record: CXX_FEATURE:1cxx_sizeof_member
    Feature record: CXX_FEATURE:1cxx_static_assert
    Feature record: CXX_FEATURE:1cxx_strong_enums
    Feature record: CXX_FEATURE:1cxx_template_template_parameters
    Feature record: CXX_FEATURE:1cxx_thread_local
    Feature record: CXX_FEATURE:1cxx_trailing_return_types
    Feature record: CXX_FEATURE:1cxx_unicode_literals
    Feature record: CXX_FEATURE:1cxx_uniform_initialization
    Feature record: CXX_FEATURE:1cxx_unrestricted_unions
    Feature record: CXX_FEATURE:1cxx_user_literals
    Feature record: CXX_FEATURE:1cxx_variable_templates
    Feature record: CXX_FEATURE:1cxx_variadic_macros
    Feature record: CXX_FEATURE:1cxx_variadic_templates


Detecting CXX [-std=c++14] compiler features compiled with the following output:
Change Dir: /mnt/hgfs/vmlinux_shared/packages_dev/hipp/cmake/CMakeFiles/CMakeTmp

Run Build Command:"/usr/bin/make" "cmTC_aa3cb/fast"
/usr/bin/make -f CMakeFiles/cmTC_aa3cb.dir/build.make CMakeFiles/cmTC_aa3cb.dir/build
make[1]: Entering directory '/mnt/hgfs/vmlinux_shared/packages_dev/hipp/cmake/CMakeFiles/CMakeTmp'
Building CXX object CMakeFiles/cmTC_aa3cb.dir/feature_tests.cxx.o
/usr/bin/c++    -std=c++14 -o CMakeFiles/cmTC_aa3cb.dir/feature_tests.cxx.o -c /mnt/hgfs/vmlinux_shared/packages_dev/hipp/cmake/CMakeFiles/feature_tests.cxx
Linking CXX executable cmTC_aa3cb
/usr/bin/cmake -E cmake_link_script CMakeFiles/cmTC_aa3cb.dir/link.txt --verbose=1
/usr/bin/c++       CMakeFiles/cmTC_aa3cb.dir/feature_tests.cxx.o  -o cmTC_aa3cb 
make[1]: Leaving directory '/mnt/hgfs/vmlinux_shared/packages_dev/hipp/cmake/CMakeFiles/CMakeTmp'


    Feature record: CXX_FEATURE:1cxx_aggregate_default_initializers
    Feature record: CXX_FEATURE:1cxx_alias_templates
    Feature record: CXX_FEATURE:1cxx_alignas
    Feature record: CXX_FEATURE:1cxx_alignof
    Feature record: CXX_FEATURE:1cxx_attributes
    Feature record: CXX_FEATURE:1cxx_attribute_deprecated
    Feature record: CXX_FEATURE:1cxx_auto_type
    Feature record: CXX_FEATURE:1cxx_binary_literals
    Feature record: CXX_FEATURE:1cxx_constexpr
    Feature record: CXX_FEATURE:1cxx_contextual_conversions
    Feature record: CXX_FEATURE:1cxx_decltype
    Feature record: CXX_FEATURE:1cxx_decltype_auto
    Feature record: CXX_FEATURE:1cxx_decltype_incomplete_return_types
    Feature record: CXX_FEATURE:1cxx_default_function_template_args
    Feature record: CXX_FEATURE:1cxx_defaulted_functions
    Feature record: CXX_FEATURE:1cxx_defaulted_move_initializers
    Feature record: CXX_FEATURE:1cxx_delegating_constructors
    Feature record: CXX_FEATURE:1cxx_deleted_functions
    Feature record: CXX_FEATURE:1cxx_digit_separators
    Feature record: CXX_FEATURE:1cxx_enum_forward_declarations
    Feature record: CXX_FEATURE:1cxx_explicit_conversions
    Feature record: CXX_FEATURE:1cxx_extended_friend_declarations
    Feature record: CXX_FEATURE:1cxx_extern_templates
    Feature record: CXX_FEATURE:1cxx_final
    Feature record: CXX_FEATURE:1cxx_func_identifier
    Feature record: CXX_FEATURE:1cxx_generalized_initializers
    Feature record: CXX_FEATURE:1cxx_generic_lambdas
    Feature record: CXX_FEATURE:1cxx_inheriting_constructors
    Feature record: CXX_FEATURE:1cxx_inline_namespaces
    Feature record: CXX_FEATURE:1cxx_lambdas
    Feature record: CXX_FEATURE:1cxx_lambda_init_captures
    Feature record: CXX_FEATURE:1cxx_local_type_template_args
    Feature record: CXX_FEATURE:1cxx_long_long_type
    Feature record: CXX_FEATURE:1cxx_noexcept
    Feature record: CXX_FEATURE:1cxx_nonstatic_member_init
    Feature record: CXX_FEATURE:1cxx_nullptr
    Feature record: CXX_FEATURE:1cxx_override
    Feature record: CXX_FEATURE:1cxx_range_for
    Feature record: CXX_FEATURE:1cxx_raw_string_literals
    Feature record: CXX_FEATURE:1cxx_reference_qualified_functions
    Feature record: CXX_FEATURE:1cxx_relaxed_constexpr
    Feature record: CXX_FEATURE:1cxx_return_type_deduction
    Feature record: CXX_FEATURE:1cxx_right_angle_brackets
    Feature record: CXX_FEATURE:1cxx_rvalue_references
    Feature record: CXX_FEATURE:1cxx_sizeof_member
    Feature record: CXX_FEATURE:1cxx_static_assert
    Feature record: CXX_FEATURE:1cxx_strong_enums
    Feature record: CXX_FEATURE:1cxx_template_template_parameters
    Feature record: CXX_FEATURE:1cxx_thread_local
    Feature record: CXX_FEATURE:1cxx_trailing_return_types
    Feature record: CXX_FEATURE:1cxx_unicode_literals
    Feature record: CXX_FEATURE:1cxx_uniform_initialization
    Feature record: CXX_FEATURE:1cxx_unrestricted_unions
    Feature record: CXX_FEATURE:1cxx_user_literals
    Feature record: CXX_FEATURE:1cxx_variable_templates
    Feature record: CXX_FEATURE:1cxx_variadic_macros
    Feature record: CXX_FEATURE:1cxx_variadic_templates


Detecting CXX [-std=c++11] compiler features compiled with the following output:
Change Dir: /mnt/hgfs/vmlinux_shared/packages_dev/hipp/cmake/CMakeFiles/CMakeTmp

Run Build Command:"/usr/bin/make" "cmTC_66225/fast"
/usr/bin/make -f CMakeFiles/cmTC_66225.dir/build.make CMakeFiles/cmTC_66225.dir/build
make[1]: Entering directory '/mnt/hgfs/vmlinux_shared/packages_dev/hipp/cmake/CMakeFiles/CMakeTmp'
Building CXX object CMakeFiles/cmTC_66225.dir/feature_tests.cxx.o
/usr/bin/c++    -std=c++11 -o CMakeFiles/cmTC_66225.dir/feature_tests.cxx.o -c /mnt/hgfs/vmlinux_shared/packages_dev/hipp/cmake/CMakeFiles/feature_tests.cxx
Linking CXX executable cmTC_66225
/usr/bin/cmake -E cmake_link_script CMakeFiles/cmTC_66225.dir/link.txt --verbose=1
/usr/bin/c++       CMakeFiles/cmTC_66225.dir/feature_tests.cxx.o  -o cmTC_66225 
make[1]: Leaving directory '/mnt/hgfs/vmlinux_shared/packages_dev/hipp/cmake/CMakeFiles/CMakeTmp'


    Feature record: CXX_FEATURE:0cxx_aggregate_default_initializers
    Feature record: CXX_FEATURE:1cxx_alias_templates
    Feature record: CXX_FEATURE:1cxx_alignas
    Feature record: CXX_FEATURE:1cxx_alignof
    Feature record: CXX_FEATURE:1cxx_attributes
    Feature record: CXX_FEATURE:0cxx_attribute_deprecated
    Feature record: CXX_FEATURE:1cxx_auto_type
    Feature record: CXX_FEATURE:0cxx_binary_literals
    Feature record: CXX_FEATURE:1cxx_constexpr
    Feature record: CXX_FEATURE:0cxx_contextual_conversions
    Feature record: CXX_FEATURE:1cxx_decltype
    Feature record: CXX_FEATURE:0cxx_decltype_auto
    Feature record: CXX_FEATURE:1cxx_decltype_incomplete_return_types
    Feature record: CXX_FEATURE:1cxx_default_function_template_args
    Feature record: CXX_FEATURE:1cxx_defaulted_functions
    Feature record: CXX_FEATURE:1cxx_defaulted_move_initializers
    Feature record: CXX_FEATURE:1cxx_delegating_constructors
    Feature record: CXX_FEATURE:1cxx_deleted_functions
    Feature record: CXX_FEATURE:0cxx_digit_separators
    Feature record: CXX_FEATURE:1cxx_enum_forward_declarations
    Feature record: CXX_FEATURE:1cxx_explicit_conversions
    Feature record: CXX_FEATURE:1cxx_extended_friend_declarations
    Feature record: CXX_FEATURE:1cxx_extern_templates
    Feature record: CXX_FEATURE:1cxx_final
    Feature record: CXX_FEATURE:1cxx_func_identifier
    Feature record: CXX_FEATURE:1cxx_generalized_initializers
    Feature record: CXX_FEATURE:0cxx_generic_lambdas
    Feature record: CXX_FEATURE:1cxx_inheriting_constructors
    Feature record: CXX_FEATURE:1cxx_inline_namespaces
    Feature record: CXX_FEATURE:1cxx_lambdas
    Feature record: CXX_FEATURE:0cxx_lambda_init_captures
    Feature record: CXX_FEATURE:1cxx_local_type_template_args
    Feature record: CXX_FEATURE:1cxx_long_long_type
    Feature record: CXX_FEATURE:1cxx_noexcept
    Feature record: CXX_FEATURE:1cxx_nonstatic_member_init
    Feature record: CXX_FEATURE:1cxx_nullptr
    Feature record: CXX_FEATURE:1cxx_override
    Feature record: CXX_FEATURE:1cxx_range_for
    Feature record: CXX_FEATURE:1cxx_raw_string_literals
    Feature record: CXX_FEATURE:1cxx_reference_qualified_functions
    Feature record: CXX_FEATURE:0cxx_relaxed_constexpr
    Feature record: CXX_FEATURE:0cxx_return_type_deduction
    Feature record: CXX_FEATURE:1cxx_right_angle_brackets
    Feature record: CXX_FEATURE:1cxx_rvalue_references
    Feature record: CXX_FEATURE:1cxx_sizeof_member
    Feature record: CXX_FEATURE:1cxx_static_assert
    Feature record: CXX_FEATURE:1cxx_strong_enums
    Feature record: CXX_FEATURE:1cxx_template_template_parameters
    Feature record: CXX_FEATURE:1cxx_thread_local
    Feature record: CXX_FEATURE:1cxx_trailing_return_types
    Feature record: CXX_FEATURE:1cxx_unicode_literals
    Feature record: CXX_FEATURE:1cxx_uniform_initialization
    Feature record: CXX_FEATURE:1cxx_unrestricted_unions
    Feature record: CXX_FEATURE:1cxx_user_literals
    Feature record: CXX_FEATURE:0cxx_variable_templates
    Feature record: CXX_FEATURE:1cxx_variadic_macros
    Feature record: CXX_FEATURE:1cxx_variadic_templates


Detecting CXX [-std=c++98] compiler features compiled with the following output:
Change Dir: /mnt/hgfs/vmlinux_shared/packages_dev/hipp/cmake/CMakeFiles/CMakeTmp

Run Build Command:"/usr/bin/make" "cmTC_d8c54/fast"
/usr/bin/make -f CMakeFiles/cmTC_d8c54.dir/build.make CMakeFiles/cmTC_d8c54.dir/build
make[1]: Entering directory '/mnt/hgfs/vmlinux_shared/packages_dev/hipp/cmake/CMakeFiles/CMakeTmp'
Building CXX object CMakeFiles/cmTC_d8c54.dir/feature_tests.cxx.o
/usr/bin/c++    -std=c++98 -o CMakeFiles/cmTC_d8c54.dir/feature_tests.cxx.o -c /mnt/hgfs/vmlinux_shared/packages_dev/hipp/cmake/CMakeFiles/feature_tests.cxx
Linking CXX executable cmTC_d8c54
/usr/bin/cmake -E cmake_link_script CMakeFiles/cmTC_d8c54.dir/link.txt --verbose=1
/usr/bin/c++       CMakeFiles/cmTC_d8c54.dir/feature_tests.cxx.o  -o cmTC_d8c54 
make[1]: Leaving directory '/mnt/hgfs/vmlinux_shared/packages_dev/hipp/cmake/CMakeFiles/CMakeTmp'


    Feature record: CXX_FEATURE:0cxx_aggregate_default_initializers
    Feature record: CXX_FEATURE:0cxx_alias_templates
    Feature record: CXX_FEATURE:0cxx_alignas
    Feature record: CXX_FEATURE:0cxx_alignof
    Feature record: CXX_FEATURE:0cxx_attributes
    Feature record: CXX_FEATURE:0cxx_attribute_deprecated
    Feature record: CXX_FEATURE:0cxx_auto_type
    Feature record: CXX_FEATURE:0cxx_binary_literals
    Feature record: CXX_FEATURE:0cxx_constexpr
    Feature record: CXX_FEATURE:0cxx_contextual_conversions
    Feature record: CXX_FEATURE:0cxx_decltype
    Feature record: CXX_FEATURE:0cxx_decltype_auto
    Feature record: CXX_FEATURE:0cxx_decltype_incomplete_return_types
    Feature record: CXX_FEATURE:0cxx_default_function_template_args
    Feature record: CXX_FEATURE:0cxx_defaulted_functions
    Feature record: CXX_FEATURE:0cxx_defaulted_move_initializers
    Feature record: CXX_FEATURE:0cxx_delegating_constructors
    Feature record: CXX_FEATURE:0cxx_deleted_functions
    Feature record: CXX_FEATURE:0cxx_digit_separators
    Feature record: CXX_FEATURE:0cxx_enum_forward_declarations
    Feature record: CXX_FEATURE:0cxx_explicit_conversions
    Feature record: CXX_FEATURE:0cxx_extended_friend_declarations
    Feature record: CXX_FEATURE:0cxx_extern_templates
    Feature record: CXX_FEATURE:0cxx_final
    Feature record: CXX_FEATURE:0cxx_func_identifier
    Feature record: CXX_FEATURE:0cxx_generalized_initializers
    Feature record: CXX_FEATURE:0cxx_generic_lambdas
    Feature record: CXX_FEATURE:0cxx_inheriting_constructors
    Feature record: CXX_FEATURE:0cxx_inline_namespaces
    Feature record: CXX_FEATURE:0cxx_lambdas
    Feature record: CXX_FEATURE:0cxx_lambda_init_captures
    Feature record: CXX_FEATURE:0cxx_local_type_template_args
    Feature record: CXX_FEATURE:0cxx_long_long_type
    Feature record: CXX_FEATURE:0cxx_noexcept
    Feature record: CXX_FEATURE:0cxx_nonstatic_member_init
    Feature record: CXX_FEATURE:0cxx_nullptr
    Feature record: CXX_FEATURE:0cxx_override
    Feature record: CXX_FEATURE:0cxx_range_for
    Feature record: CXX_FEATURE:0cxx_raw_string_literals
    Feature record: CXX_FEATURE:0cxx_reference_qualified_functions
    Feature record: CXX_FEATURE:0cxx_relaxed_constexpr
    Feature record: CXX_FEATURE:0cxx_return_type_deduction
    Feature record: CXX_FEATURE:0cxx_right_angle_brackets
    Feature record: CXX_FEATURE:0cxx_rvalue_references
    Feature record: CXX_FEATURE:0cxx_sizeof_member
    Feature record: CXX_FEATURE:0cxx_static_assert
    Feature record: CXX_FEATURE:0cxx_strong_enums
    Feature record: CXX_FEATURE:1cxx_template_template_parameters
    Feature record: CXX_FEATURE:0cxx_thread_local
    Feature record: CXX_FEATURE:0cxx_trailing_return_types
    Feature record: CXX_FEATURE:0cxx_unicode_literals
    Feature record: CXX_FEATURE:0cxx_uniform_initialization
    Feature record: CXX_FEATURE:0cxx_unrestricted_unions
    Feature record: CXX_FEATURE:0cxx_user_literals
    Feature record: CXX_FEATURE:0cxx_variable_templates
    Feature record: CXX_FEATURE:0cxx_variadic_macros
    Feature record: CXX_FEATURE:0cxx_variadic_templates
The system is: Linux - 4.15.0-88-generic - x86_64
Compiling the CXX compiler identification source file "CMakeCXXCompilerId.cpp" succeeded.
Compiler: /usr/bin/c++ 
Build flags: 
Id flags:  

The output was:
0


Compilation of the CXX compiler identification source "CMakeCXXCompilerId.cpp" produced "a.out"

The CXX compiler identification is GNU, found in "/mnt/hgfs/vmlinux_shared/packages_dev/hipp/cmake/CMakeFiles/3.10.2/CompilerIdCXX/a.out"

Determining if the CXX compiler works passed with the following output:
Change Dir: /mnt/hgfs/vmlinux_shared/packages_dev/hipp/cmake/CMakeFiles/CMakeTmp

Run Build Command:"/usr/bin/make" "cmTC_ee23a/fast"
/usr/bin/make -f CMakeFiles/cmTC_ee23a.dir/build.make CMakeFiles/cmTC_ee23a.dir/build
make[1]: Entering directory '/mnt/hgfs/vmlinux_shared/packages_dev/hipp/cmake/CMakeFiles/CMakeTmp'
Building CXX object CMakeFiles/cmTC_ee23a.dir/testCXXCompiler.cxx.o
/usr/bin/c++     -o CMakeFiles/cmTC_ee23a.dir/testCXXCompiler.cxx.o -c /mnt/hgfs/vmlinux_shared/packages_dev/hipp/cmake/CMakeFiles/CMakeTmp/testCXXCompiler.cxx
Linking CXX executable cmTC_ee23a
/usr/bin/cmake -E cmake_link_script CMakeFiles/cmTC_ee23a.dir/link.txt --verbose=1
/usr/bin/c++       CMakeFiles/cmTC_ee23a.dir/testCXXCompiler.cxx.o  -o cmTC_ee23a 
make[1]: Leaving directory '/mnt/hgfs/vmlinux_shared/packages_dev/hipp/cmake/CMakeFiles/CMakeTmp'


Detecting CXX compiler ABI info compiled with the following output:
Change Dir: /mnt/hgfs/vmlinux_shared/packages_dev/hipp/cmake/CMakeFiles/CMakeTmp

Run Build Command:"/usr/bin/make" "cmTC_30cae/fast"
/usr/bin/make -f CMakeFiles/cmTC_30cae.dir/build.make CMakeFiles/cmTC_30cae.dir/build
make[1]: Entering directory '/mnt/hgfs/vmlinux_shared/packages_dev/hipp/cmake/CMakeFiles/CMakeTmp'
Building CXX object CMakeFiles/cmTC_30cae.dir/CMakeCXXCompilerABI.cpp.o
/usr/bin/c++     -o CMakeFiles/cmTC_30cae.dir/CMakeCXXCompilerABI.cpp.o -c /usr/share/cmake-3.10/Modules/CMakeCXXCompilerABI.cpp
Linking CXX executable cmTC_30cae
/usr/bin/cmake -E cmake_link_script CMakeFiles/cmTC_30cae.dir/link.txt --verbose=1
/usr/bin/c++      -v CMakeFiles/cmTC_30cae.dir/CMakeCXXCompilerABI.cpp.o  -o cmTC_30cae 
Using built-in specs.
COLLECT_GCC=/usr/bin/c++
COLLECT_LTO_WRAPPER=/usr/lib/gcc/x86_64-linux-gnu/7/lto-wrapper
OFFLOAD_TARGET_NAMES=nvptx-none
OFFLOAD_TARGET_DEFAULT=1
Target: x86_64-linux-gnu
Configured with: ../src/configure -v --with-pkgversion='Ubuntu 7.4.0-1ubuntu1~18.04.1' --with-bugurl=file:///usr/share/doc/gcc-7/README.Bugs --enable-languages=c,ada,c++,go,brig,d,fortran,objc,obj-c++ --prefix=/usr --with-gcc-major-version-only --program-suffix=-7 --program-prefix=x86_64-linux-gnu- --enable-shared --enable-linker-build-id --libexecdir=/usr/lib --without-included-gettext --enable-threads=posix --libdir=/usr/lib --enable-nls --with-sysroot=/ --enable-clocale=gnu --enable-libstdcxx-debug --enable-libstdcxx-time=yes --with-default-libstdcxx-abi=new --enable-gnu-unique-object --disable-vtable-verify --enable-libmpx --enable-plugin --enable-default-pie --with-system-zlib --with-target-system-zlib --enable-objc-gc=auto --enable-multiarch --disable-werror --with-arch-32=i686 --with-abi=m64 --with-multilib-list=m32,m64,mx32 --enable-multilib --with-tune=generic --enable-offload-targets=nvptx-none --without-cuda-driver --enable-checking=release --build=x86_64-linux-gnu --host=x86_64-linux-gnu --target=x86_64-linux-gnu
Thread model: posix
gcc version 7.4.0 (Ubuntu 7.4.0-1ubuntu1~18.04.1) 
COMPILER_PATH=/usr/lib/gcc/x86_64-linux-gnu/7/:/usr/lib/gcc/x86_64-linux-gnu/7/:/usr/lib/gcc/x86_64-linux-gnu/:/usr/lib/gcc/x86_64-linux-gnu/7/:/usr/lib/gcc/x86_64-linux-gnu/
LIBRARY_PATH=/home/yangyao//library/lib/hdf5/../lib/:/home/yangyao//library/lib/MultiNest/../lib/:/home/yangyao//library/lib/lapack/../lib/:/home/yangyao//library/lib/fftw2f/../lib/:/home/yangyao//library/lib/fftw2/../lib/:/home/yangyao//library/lib/fftwf/../lib/:/home/yangyao//library/lib/fftw/../lib/:/home/yangyao//library/lib/gsl/../lib/:/home/yangyao//library/lib/hipp/../lib/:/home/yangyao//library/lib/mycosmolib/../lib/:/home/yangyao//library/lib/mycpplib/../lib/:/home/yangyao//library/lib/../lib/:/usr/lib/gcc/x86_64-linux-gnu/7/:/usr/lib/gcc/x86_64-linux-gnu/7/../../../x86_64-linux-gnu/:/usr/lib/gcc/x86_64-linux-gnu/7/../../../../lib/:/lib/x86_64-linux-gnu/:/lib/../lib/:/usr/lib/x86_64-linux-gnu/:/usr/lib/../lib/:/home/yangyao//library/lib/hdf5/:/home/yangyao//library/lib/cuba/:/home/yangyao//library/lib/MultiNest/:/home/yangyao//library/lib/lapack/:/home/yangyao//library/lib/fftw2f/:/home/yangyao//library/lib/fftw2/:/home/yangyao//library/lib/fftwf/:/home/yangyao//library/lib/fftw/:/home/yangyao//library/lib/gsl/:/home/yangyao//library/lib/hipp/:/home/yangyao//library/lib/mycosmolib/:/home/yangyao//library/lib/mycpplib/:/home/yangyao//library/lib/:/usr/lib/gcc/x86_64-linux-gnu/7/../../../:/lib/:/usr/lib/
COLLECT_GCC_OPTIONS='-v' '-o' 'cmTC_30cae' '-shared-libgcc' '-mtune=generic' '-march=x86-64'
 /usr/lib/gcc/x86_64-linux-gnu/7/collect2 -plugin /usr/lib/gcc/x86_64-linux-gnu/7/liblto_plugin.so -plugin-opt=/usr/lib/gcc/x86_64-linux-gnu/7/lto-wrapper -plugin-opt=-fresolution=/tmp/ccx7H6nl.res -plugin-opt=-pass-through=-lgcc_s -plugin-opt=-pass-through=-lgcc -plugin-opt=-pass-through=-lc -plugin-opt=-pass-through=-lgcc_s -plugin-opt=-pass-through=-lgcc --sysroot=/ --build-id --eh-frame-hdr -m elf_x86_64 --hash-style=gnu --as-needed -dynamic-linker /lib64/ld-linux-x86-64.so.2 -pie -z now -z relro -o cmTC_30cae /usr/lib/gcc/x86_64-linux-gnu/7/../../../x86_64-linux-gnu/Scrt1.o /usr/lib/gcc/x86_64-linux-gnu/7/../../../x86_64-linux-gnu/crti.o /usr/lib/gcc/x86_64-linux-gnu/7/crtbeginS.o -L/home/yangyao//library/lib/hdf5/../lib -L/home/yangyao//library/lib/MultiNest/../lib -L/home/yangyao//library/lib/lapack/../lib -L/home/yangyao//library/lib/fftw2f/../lib -L/home/yangyao//library/lib/fftw2/../lib -L/home/yangyao//library/lib/fftwf/../lib -L/home/yangyao//library/lib/fftw/../lib -L/home/yangyao//library/lib/gsl/../lib -L/home/yangyao//library/lib/hipp/../lib -L/home/yangyao//library/lib/mycosmolib/../lib -L/home/yangyao//library/lib/mycpplib/../lib -L/home/yangyao//library/lib/../lib -L/usr/lib/gcc/x86_64-linux-gnu/7 -L/usr/lib/gcc/x86_64-linux-gnu/7/../../../x86_64-linux-gnu -L/usr/lib/gcc/x86_64-linux-gnu/7/../../../../lib -L/lib/x86_64-linux-gnu -L/lib/../lib -L/usr/lib/x86_64-linux-gnu -L/usr/lib/../lib -L/home/yangyao//library/lib/hdf5 -L/home/yangyao//library/lib/cuba -L/home/yangyao//library/lib/MultiNest -L/home/yangyao//library/lib/lapack -L/home/yangyao//library/lib/fftw2f -L/home/yangyao//library/lib/fftw2 -L/home/yangyao//library/lib/fftwf -L/home/yangyao//library/lib/fftw -L/home/yangyao//library/lib/gsl -L/home/yangyao//library/lib/hipp -L/home/yangyao//library/lib/mycosmolib -L/home/yangyao//library/lib/mycpplib -L/home/yangyao//library/lib -L/usr/lib/gcc/x86_64-linux-gnu/7/../../.. CMakeFiles/cmTC_30cae.dir/CMakeCXXCompilerABI.cpp.o -lstdc++ -lm -lgcc_s -lgcc -lc -lgcc_s -lgcc /usr/lib/gcc/x86_64-linux-gnu/7/crtendS.o /usr/lib/gcc/x86_64-linux-gnu/7/../../../x86_64-linux-gnu/crtn.o
COLLECT_GCC_OPTIONS='-v' '-o' 'cmTC_30cae' '-shared-libgcc' '-mtune=generic' '-march=x86-64'
make[1]: Leaving directory '/mnt/hgfs/vmlinux_shared/packages_dev/hipp/cmake/CMakeFiles/CMakeTmp'


Parsed CXX implicit link information from above output:
  link line regex: [^( *|.*[/\])(ld|CMAKE_LINK_STARTFILE-NOTFOUND|([^/\]+-)?ld|collect2)[^/\]*( |$)]
  ignore line: [Change Dir: /mnt/hgfs/vmlinux_shared/packages_dev/hipp/cmake/CMakeFiles/CMakeTmp]
  ignore line: []
  ignore line: [Run Build Command:"/usr/bin/make" "cmTC_30cae/fast"]
  ignore line: [/usr/bin/make -f CMakeFiles/cmTC_30cae.dir/build.make CMakeFiles/cmTC_30cae.dir/build]
  ignore line: [make[1]: Entering directory '/mnt/hgfs/vmlinux_shared/packages_dev/hipp/cmake/CMakeFiles/CMakeTmp']
  ignore line: [Building CXX object CMakeFiles/cmTC_30cae.dir/CMakeCXXCompilerABI.cpp.o]
  ignore line: [/usr/bin/c++     -o CMakeFiles/cmTC_30cae.dir/CMakeCXXCompilerABI.cpp.o -c /usr/share/cmake-3.10/Modules/CMakeCXXCompilerABI.cpp]
  ignore line: [Linking CXX executable cmTC_30cae]
  ignore line: [/usr/bin/cmake -E cmake_link_script CMakeFiles/cmTC_30cae.dir/link.txt --verbose=1]
  ignore line: [/usr/bin/c++      -v CMakeFiles/cmTC_30cae.dir/CMakeCXXCompilerABI.cpp.o  -o cmTC_30cae ]
  ignore line: [Using built-in specs.]
  ignore line: [COLLECT_GCC=/usr/bin/c++]
  ignore line: [COLLECT_LTO_WRAPPER=/usr/lib/gcc/x86_64-linux-gnu/7/lto-wrapper]
  ignore line: [OFFLOAD_TARGET_NAMES=nvptx-none]
  ignore line: [OFFLOAD_TARGET_DEFAULT=1]
  ignore line: [Target: x86_64-linux-gnu]
  ignore line: [Configured with: ../src/configure -v --with-pkgversion='Ubuntu 7.4.0-1ubuntu1~18.04.1' --with-bugurl=file:///usr/share/doc/gcc-7/README.Bugs --enable-languages=c,ada,c++,go,brig,d,fortran,objc,obj-c++ --prefix=/usr --with-gcc-major-version-only --program-suffix=-7 --program-prefix=x86_64-linux-gnu- --enable-shared --enable-linker-build-id --libexecdir=/usr/lib --without-included-gettext --enable-threads=posix --libdir=/usr/lib --enable-nls --with-sysroot=/ --enable-clocale=gnu --enable-libstdcxx-debug --enable-libstdcxx-time=yes --with-default-libstdcxx-abi=new --enable-gnu-unique-object --disable-vtable-verify --enable-libmpx --enable-plugin --enable-default-pie --with-system-zlib --with-target-system-zlib --enable-objc-gc=auto --enable-multiarch --disable-werror --with-arch-32=i686 --with-abi=m64 --with-multilib-list=m32,m64,mx32 --enable-multilib --with-tune=generic --enable-offload-targets=nvptx-none --without-cuda-driver --enable-checking=release --build=x86_64-linux-gnu --host=x86_64-linux-gnu --target=x86_64-linux-gnu]
  ignore line: [Thread model: posix]
  ignore line: [gcc version 7.4.0 (Ubuntu 7.4.0-1ubuntu1~18.04.1) ]
  ignore line: [COMPILER_PATH=/usr/lib/gcc/x86_64-linux-gnu/7/:/usr/lib/gcc/x86_64-linux-gnu/7/:/usr/lib/gcc/x86_64-linux-gnu/:/usr/lib/gcc/x86_64-linux-gnu/7/:/usr/lib/gcc/x86_64-linux-gnu/]
  ignore line: [LIBRARY_PATH=/home/yangyao//library/lib/hdf5/../lib/:/home/yangyao//library/lib/MultiNest/../lib/:/home/yangyao//library/lib/lapack/../lib/:/home/yangyao//library/lib/fftw2f/../lib/:/home/yangyao//library/lib/fftw2/../lib/:/home/yangyao//library/lib/fftwf/../lib/:/home/yangyao//library/lib/fftw/../lib/:/home/yangyao//library/lib/gsl/../lib/:/home/yangyao//library/lib/hipp/../lib/:/home/yangyao//library/lib/mycosmolib/../lib/:/home/yangyao//library/lib/mycpplib/../lib/:/home/yangyao//library/lib/../lib/:/usr/lib/gcc/x86_64-linux-gnu/7/:/usr/lib/gcc/x86_64-linux-gnu/7/../../../x86_64-linux-gnu/:/usr/lib/gcc/x86_64-linux-gnu/7/../../../../lib/:/lib/x86_64-linux-gnu/:/lib/../lib/:/usr/lib/x86_64-linux-gnu/:/usr/lib/../lib/:/home/yangyao//library/lib/hdf5/:/home/yangyao//library/lib/cuba/:/home/yangyao//library/lib/MultiNest/:/home/yangyao//library/lib/lapack/:/home/yangyao//library/lib/fftw2f/:/home/yangyao//library/lib/fftw2/:/home/yangyao//library/lib/fftwf/:/home/yangyao//library/lib/fftw/:/home/yangyao//library/lib/gsl/:/home/yangyao//library/lib/hipp/:/home/yangyao//library/lib/mycosmolib/:/home/yangyao//library/lib/mycpplib/:/home/yangyao//library/lib/:/usr/lib/gcc/x86_64-linux-gnu/7/../../../:/lib/:/usr/lib/]
  ignore line: [COLLECT_GCC_OPTIONS='-v' '-o' 'cmTC_30cae' '-shared-libgcc' '-mtune=generic' '-march=x86-64']
  link line: [ /usr/lib/gcc/x86_64-linux-gnu/7/collect2 -plugin /usr/lib/gcc/x86_64-linux-gnu/7/liblto_plugin.so -plugin-opt=/usr/lib/gcc/x86_64-linux-gnu/7/lto-wrapper -plugin-opt=-fresolution=/tmp/ccx7H6nl.res -plugin-opt=-pass-through=-lgcc_s -plugin-opt=-pass-through=-lgcc -plugin-opt=-pass-through=-lc -plugin-opt=-pass-through=-lgcc_s -plugin-opt=-pass-through=-lgcc --sysroot=/ --build-id --eh-frame-hdr -m elf_x86_64 --hash-style=gnu --as-needed -dynamic-linker /lib64/ld-linux-x86-64.so.2 -pie -z now -z relro -o cmTC_30cae /usr/lib/gcc/x86_64-linux-gnu/7/../../../x86_64-linux-gnu/Scrt1.o /usr/lib/gcc/x86_64-linux-gnu/7/../../../x86_64-linux-gnu/crti.o /usr/lib/gcc/x86_64-linux-gnu/7/crtbeginS.o -L/home/yangyao//library/lib/hdf5/../lib -L/home/yangyao//library/lib/MultiNest/../lib -L/home/yangyao//library/lib/lapack/../lib -L/home/yangyao//library/lib/fftw2f/../lib -L/home/yangyao//library/lib/fftw2/../lib -L/home/yangyao//library/lib/fftwf/../lib -L/home/yangyao//library/lib/fftw/../lib -L/home/yangyao//library/lib/gsl/../lib -L/home/yangyao//library/lib/hipp/../lib -L/home/yangyao//library/lib/mycosmolib/../lib -L/home/yangyao//library/lib/mycpplib/../lib -L/home/yangyao//library/lib/../lib -L/usr/lib/gcc/x86_64-linux-gnu/7 -L/usr/lib/gcc/x86_64-linux-gnu/7/../../../x86_64-linux-gnu -L/usr/lib/gcc/x86_64-linux-gnu/7/../../../../lib -L/lib/x86_64-linux-gnu -L/lib/../lib -L/usr/lib/x86_64-linux-gnu -L/usr/lib/../lib -L/home/yangyao//library/lib/hdf5 -L/home/yangyao//library/lib/cuba -L/home/yangyao//library/lib/MultiNest -L/home/yangyao//library/lib/lapack -L/home/yangyao//library/lib/fftw2f -L/home/yangyao//library/lib/fftw2 -L/home/yangyao//library/lib/fftwf -L/home/yangyao//library/lib/fftw -L/home/yangyao//library/lib/gsl -L/home/yangyao//library/lib/hipp -L/home/yangyao//library/lib/mycosmolib -L/home/yangyao//library/lib/mycpplib -L/home/yangyao//library/lib -L/usr/lib/gcc/x86_64-linux-gnu/7/../../.. CMakeFiles/cmTC_30cae.dir/CMakeCXXCompilerABI.cpp.o -lstdc++ -lm -lgcc_s -lgcc -lc -lgcc_s -lgcc /usr/lib/gcc/x86_64-linux-gnu/7/crtendS.o /usr/lib/gcc/x86_64-linux-gnu/7/../../../x86_64-linux-gnu/crtn.o]
    arg [/usr/lib/gcc/x86_64-linux-gnu/7/collect2] ==> ignore
    arg [-plugin] ==> ignore
    arg [/usr/lib/gcc/x86_64-linux-gnu/7/liblto_plugin.so] ==> ignore
    arg [-plugin-opt=/usr/lib/gcc/x86_64-linux-gnu/7/lto-wrapper] ==> ignore
    arg [-plugin-opt=-fresolution=/tmp/ccx7H6nl.res] ==> ignore
    arg [-plugin-opt=-pass-through=-lgcc_s] ==> ignore
    arg [-plugin-opt=-pass-through=-lgcc] ==> ignore
    arg [-plugin-opt=-pass-through=-lc] ==> ignore
    arg [-plugin-opt=-pass-through=-lgcc_s] ==> ignore
    arg [-plugin-opt=-pass-through=-lgcc] ==> ignore
    arg [--sysroot=/] ==> ignore
    arg [--build-id] ==> ignore
    arg [--eh-frame-hdr] ==> ignore
    arg [-m] ==> ignore
    arg [elf_x86_64] ==> ignore
    arg [--hash-style=gnu] ==> ignore
    arg [--as-needed] ==> ignore
    arg [-dynamic-linker] ==> ignore
    arg [/lib64/ld-linux-x86-64.so.2] ==> ignore
    arg [-pie] ==> ignore
    arg [-znow] ==> ignore
    arg [-zrelro] ==> ignore
    arg [-o] ==> ignore
    arg [cmTC_30cae] ==> ignore
    arg [/usr/lib/gcc/x86_64-linux-gnu/7/../../../x86_64-linux-gnu/Scrt1.o] ==> ignore
    arg [/usr/lib/gcc/x86_64-linux-gnu/7/../../../x86_64-linux-gnu/crti.o] ==> ignore
    arg [/usr/lib/gcc/x86_64-linux-gnu/7/crtbeginS.o] ==> ignore
    arg [-L/home/yangyao//library/lib/hdf5/../lib] ==> dir [/home/yangyao//library/lib/hdf5/../lib]
    arg [-L/home/yangyao//library/lib/MultiNest/../lib] ==> dir [/home/yangyao//library/lib/MultiNest/../lib]
    arg [-L/home/yangyao//library/lib/lapack/../lib] ==> dir [/home/yangyao//library/lib/lapack/../lib]
    arg [-L/home/yangyao//library/lib/fftw2f/../lib] ==> dir [/home/yangyao//library/lib/fftw2f/../lib]
    arg [-L/home/yangyao//library/lib/fftw2/../lib] ==> dir [/home/yangyao//library/lib/fftw2/../lib]
    arg [-L/home/yangyao//library/lib/fftwf/../lib] ==> dir [/home/yangyao//library/lib/fftwf/../lib]
    arg [-L/home/yangyao//library/lib/fftw/../lib] ==> dir [/home/yangyao//library/lib/fftw/../lib]
    arg [-L/home/yangyao//library/lib/gsl/../lib] ==> dir [/home/yangyao//library/lib/gsl/../lib]
    arg [-L/home/yangyao//library/lib/hipp/../lib] ==> dir [/home/yangyao//library/lib/hipp/../lib]
    arg [-L/home/yangyao//library/lib/mycosmolib/../lib] ==> dir [/home/yangyao//library/lib/mycosmolib/../lib]
    arg [-L/home/yangyao//library/lib/mycpplib/../lib] ==> dir [/home/yangyao//library/lib/mycpplib/../lib]
    arg [-L/home/yangyao//library/lib/../lib] ==> dir [/home/yangyao//library/lib/../lib]
    arg [-L/usr/lib/gcc/x86_64-linux-gnu/7] ==> dir [/usr/lib/gcc/x86_64-linux-gnu/7]
    arg [-L/usr/lib/gcc/x86_64-linux-gnu/7/../../../x86_64-linux-gnu] ==> dir [/usr/lib/gcc/x86_64-linux-gnu/7/../../../x86_64-linux-gnu]
    arg [-L/usr/lib/gcc/x86_64-linux-gnu/7/../../../../lib] ==> dir [/usr/lib/gcc/x86_64-linux-gnu/7/../../../../lib]
    arg [-L/lib/x86_64-linux-gnu] ==> dir [/lib/x86_64-linux-gnu]
    arg [-L/lib/../lib] ==> dir [/lib/../lib]
    arg [-L/usr/lib/x86_64-linux-gnu] ==> dir [/usr/lib/x86_64-linux-gnu]
    arg [-L/usr/lib/../lib] ==> dir [/usr/lib/../lib]
    arg [-L/home/yangyao//library/lib/hdf5] ==> dir [/home/yangyao//library/lib/hdf5]
    arg [-L/home/yangyao//library/lib/cuba] ==> dir [/home/yangyao//library/lib/cuba]
    arg [-L/home/yangyao//library/lib/MultiNest] ==> dir [/home/yangyao//library/lib/MultiNest]
    arg [-L/home/yangyao//library/lib/lapack] ==> dir [/home/yangyao//library/lib/lapack]
    arg [-L/home/yangyao//library/lib/fftw2f] ==> dir [/home/yangyao//library/lib/fftw2f]
    arg [-L/home/yangyao//library/lib/fftw2] ==> dir [/home/yangyao//library/lib/fftw2]
    arg [-L/home/yangyao//library/lib/fftwf] ==> dir [/home/yangyao//library/lib/fftwf]
    arg [-L/home/yangyao//library/lib/fftw] ==> dir [/home/yangyao//library/lib/fftw]
    arg [-L/home/yangyao//library/lib/gsl] ==> dir [/home/yangyao//library/lib/gsl]
    arg [-L/home/yangyao//library/lib/hipp] ==> dir [/home/yangyao//library/lib/hipp]
    arg [-L/home/yangyao//library/lib/mycosmolib] ==> dir [/home/yangyao//library/lib/mycosmolib]
    arg [-L/home/yangyao//library/lib/mycpplib] ==> dir [/home/yangyao//library/lib/mycpplib]
    arg [-L/home/yangyao//library/lib] ==> dir [/home/yangyao//library/lib]
    arg [-L/usr/lib/gcc/x86_64-linux-gnu/7/../../..] ==> dir [/usr/lib/gcc/x86_64-linux-gnu/7/../../..]
    arg [CMakeFiles/cmTC_30cae.dir/CMakeCXXCompilerABI.cpp.o] ==> ignore
    arg [-lstdc++] ==> lib [stdc++]
    arg [-lm] ==> lib [m]
    arg [-lgcc_s] ==> lib [gcc_s]
    arg [-lgcc] ==> lib [gcc]
    arg [-lc] ==> lib [c]
    arg [-lgcc_s] ==> lib [gcc_s]
    arg [-lgcc] ==> lib [gcc]
    arg [/usr/lib/gcc/x86_64-linux-gnu/7/crtendS.o] ==> ignore
    arg [/usr/lib/gcc/x86_64-linux-gnu/7/../../../x86_64-linux-gnu/crtn.o] ==> ignore
  collapse library dir [/home/yangyao//library/lib/hdf5/../lib] ==> [/home/yangyao/library/lib/lib]
  collapse library dir [/home/yangyao//library/lib/MultiNest/../lib] ==> [/home/yangyao/library/lib/lib]
  collapse library dir [/home/yangyao//library/lib/lapack/../lib] ==> [/home/yangyao/library/lib/lib]
  collapse library dir [/home/yangyao//library/lib/fftw2f/../lib] ==> [/home/yangyao/library/lib/lib]
  collapse library dir [/home/yangyao//library/lib/fftw2/../lib] ==> [/home/yangyao/library/lib/lib]
  collapse library dir [/home/yangyao//library/lib/fftwf/../lib] ==> [/home/yangyao/library/lib/lib]
  collapse library dir [/home/yangyao//library/lib/fftw/../lib] ==> [/home/yangyao/library/lib/lib]
  collapse library dir [/home/yangyao//library/lib/gsl/../lib] ==> [/home/yangyao/library/lib/lib]
  collapse library dir [/home/yangyao//library/lib/hipp/../lib] ==> [/home/yangyao/library/lib/lib]
  collapse library dir [/home/yangyao//library/lib/mycosmolib/../lib] ==> [/home/yangyao/library/lib/lib]
  collapse library dir [/home/yangyao//library/lib/mycpplib/../lib] ==> [/home/yangyao/library/lib/lib]
  collapse library dir [/home/yangyao//library/lib/../lib] ==> [/home/yangyao/library/lib]
  collapse library dir [/usr/lib/gcc/x86_64-linux-gnu/7] ==> [/usr/lib/gcc/x86_64-linux-gnu/7]
  collapse library dir [/usr/lib/gcc/x86_64-linux-gnu/7/../../../x86_64-linux-gnu] ==> [/usr/lib/x86_64-linux-gnu]
  collapse library dir [/usr/lib/gcc/x86_64-linux-gnu/7/../../../../lib] ==> [/usr/lib]
  collapse library dir [/lib/x86_64-linux-gnu] ==> [/lib/x86_64-linux-gnu]
  collapse library dir [/lib/../lib] ==> [/lib]
  collapse library dir [/usr/lib/x86_64-linux-gnu] ==> [/usr/lib/x86_64-linux-gnu]
  collapse library dir [/usr/lib/../lib] ==> [/usr/lib]
  collapse library dir [/home/yangyao//library/lib/hdf5] ==> [/home/yangyao/library/lib/hdf5]
  collapse library dir [/home/yangyao//library/lib/cuba] ==> [/home/yangyao/library/lib/cuba]
  collapse library dir [/home/yangyao//library/lib/MultiNest] ==> [/home/yangyao/library/lib/MultiNest]
  collapse library dir [/home/yangyao//library/lib/lapack] ==> [/home/yangyao/library/lib/lapack]
  collapse library dir [/home/yangyao//library/lib/fftw2f] ==> [/home/yangyao/library/lib/fftw2f]
  collapse library dir [/home/yangyao//library/lib/fftw2] ==> [/home/yangyao/library/lib/fftw2]
  collapse library dir [/home/yangyao//library/lib/fftwf] ==> [/home/yangyao/library/lib/fftwf]
  collapse library dir [/home/yangyao//library/lib/fftw] ==> [/home/yangyao/library/lib/fftw]
  collapse library dir [/home/yangyao//library/lib/gsl] ==> [/home/yangyao/library/lib/gsl]
  collapse library dir [/home/yangyao//library/lib/hipp] ==> [/home/yangyao/library/lib/hipp]
  collapse library dir [/home/yangyao//library/lib/mycosmolib] ==> [/home/yangyao/library/lib/mycosmolib]
  collapse library dir [/home/yangyao//library/lib/mycpplib] ==> [/home/yangyao/library/lib/mycpplib]
  collapse library dir [/home/yangyao//library/lib] ==> [/home/yangyao/library/lib]
  collapse library dir [/usr/lib/gcc/x86_64-linux-gnu/7/../../..] ==> [/usr/lib]
  implicit libs: [stdc++;m;gcc_s;gcc;c;gcc_s;gcc]
  implicit dirs: [/home/yangyao/library/lib/lib;/home/yangyao/library/lib;/usr/lib/gcc/x86_64-linux-gnu/7;/usr/lib/x86_64-linux-gnu;/usr/lib;/lib/x86_64-linux-gnu;/lib;/home/yangyao/library/lib/hdf5;/home/yangyao/library/lib/cuba;/home/yangyao/library/lib/MultiNest;/home/yangyao/library/lib/lapack;/home/yangyao/library/lib/fftw2f;/home/yangyao/library/lib/fftw2;/home/yangyao/library/lib/fftwf;/home/yangyao/library/lib/fftw;/home/yangyao/library/lib/gsl;/home/yangyao/library/lib/hipp;/home/yangyao/library/lib/mycosmolib;/home/yangyao/library/lib/mycpplib]
  implicit fwks: []




Detecting CXX [-std=c++1z] compiler features compiled with the following output:
Change Dir: /mnt/hgfs/vmlinux_shared/packages_dev/hipp/cmake/CMakeFiles/CMakeTmp

Run Build Command:"/usr/bin/make" "cmTC_8fb64/fast"
/usr/bin/make -f CMakeFiles/cmTC_8fb64.dir/build.make CMakeFiles/cmTC_8fb64.dir/build
make[1]: Entering directory '/mnt/hgfs/vmlinux_shared/packages_dev/hipp/cmake/CMakeFiles/CMakeTmp'
Building CXX object CMakeFiles/cmTC_8fb64.dir/feature_tests.cxx.o
/usr/bin/c++    -std=c++1z -o CMakeFiles/cmTC_8fb64.dir/feature_tests.cxx.o -c /mnt/hgfs/vmlinux_shared/packages_dev/hipp/cmake/CMakeFiles/feature_tests.cxx
Linking CXX executable cmTC_8fb64
/usr/bin/cmake -E cmake_link_script CMakeFiles/cmTC_8fb64.dir/link.txt --verbose=1
/usr/bin/c++       CMakeFiles/cmTC_8fb64.dir/feature_tests.cxx.o  -o cmTC_8fb64 
make[1]: Leaving directory '/mnt/hgfs/vmlinux_shared/packages_dev/hipp/cmake/CMakeFiles/CMakeTmp'


    Feature record: CXX_FEATURE:1cxx_aggregate_default_initializers
    Feature record: CXX_FEATURE:1cxx_alias_templates
    Feature record: CXX_FEATURE:1cxx_alignas
    Feature record: CXX_FEATURE:1cxx_alignof
    Feature record: CXX_FEATURE:1cxx_attributes
    Feature record: CXX_FEATURE:1cxx_attribute_deprecated
    Feature record: CXX_FEATURE:1cxx_auto_type
    Feature record: CXX_FEATURE:1cxx_binary_literals
    Feature record: CXX_FEATURE:1cxx_constexpr
    Feature record: CXX_FEATURE:1cxx_contextual_conversions
    Feature record: CXX_FEATURE:1cxx_decltype
    Feature record: CXX_FEATURE:1cxx_decltype_auto
    Feature record: CXX_FEATURE:1cxx_decltype_incomplete_return_types
    Feature record: CXX_FEATURE:1cxx_default_function_template_args
    Feature record: CXX_FEATURE:1cxx_defaulted_functions
    Feature record: CXX_FEATURE:1cxx_defaulted_move_initializers
    Feature record: CXX_FEATURE:1cxx_delegating_constructors
    Feature record: CXX_FEATURE:1cxx_deleted_functions
    Feature record: CXX_FEATURE:1cxx_digit_separators
    Feature record: CXX_FEATURE:1cxx_enum_forward_declarations
    Feature record: CXX_FEATURE:1cxx_explicit_conversions
    Feature record: CXX_FEATURE:1cxx_extended_friend_declarations
    Feature record: CXX_FEATURE:1cxx_extern_templates
    Feature record: CXX_FEATURE:1cxx_final
    Feature record: CXX_FEATURE:1cxx_func_identifier
    Feature record: CXX_FEATURE:1cxx_generalized_initializers
    Feature record: CXX_FEATURE:1cxx_generic_lambdas
    Feature record: CXX_FEATURE:1cxx_inheriting_constructors
    Feature record: CXX_FEATURE:1cxx_inline_namespaces
    Feature record: CXX_FEATURE:1cxx_lambdas
    Feature record: CXX_FEATURE:1cxx_lambda_init_captures
    Feature record: CXX_FEATURE:1cxx_local_type_template_args
    Feature record: CXX_FEATURE:1cxx_long_long_type
    Feature record: CXX_FEATURE:1cxx_noexcept
    Feature record: CXX_FEATURE:1cxx_nonstatic_member_init
    Feature record: CXX_FEATURE:1cxx_nullptr
    Feature record: CXX_FEATURE:1cxx_override
    Feature record: CXX_FEATURE:1cxx_range_for
    Feature record: CXX_FEATURE:1cxx_raw_string_literals
    Feature record: CXX_FEATURE:1cxx_reference_qualified_functions
    Feature record: CXX_FEATURE:1cxx_relaxed_constexpr
    Feature record: CXX_FEATURE:1cxx_return_type_deduction
    Feature record: CXX_FEATURE:1cxx_right_angle_brackets
    Feature record: CXX_FEATURE:1cxx_rvalue_references
    Feature record: CXX_FEATURE:1cxx_sizeof_member
    Feature record: CXX_FEATURE:1cxx_static_assert
    Feature record: CXX_FEATURE:1cxx_strong_enums
    Feature record: CXX_FEATURE:1cxx_template_template_parameters
    Feature record: CXX_FEATURE:1cxx_thread_local
    Feature record: CXX_FEATURE:1cxx_trailing_return_types
    Feature record: CXX_FEATURE:1cxx_unicode_literals
    Feature record: CXX_FEATURE:1cxx_uniform_initialization
    Feature record: CXX_FEATURE:1cxx_unrestricted_unions
    Feature record: CXX_FEATURE:1cxx_user_literals
    Feature record: CXX_FEATURE:1cxx_variable_templates
    Feature record: CXX_FEATURE:1cxx_variadic_macros
    Feature record: CXX_FEATURE:1cxx_variadic_templates


Detecting CXX [-std=c++14] compiler features compiled with the following output:
Change Dir: /mnt/hgfs/vmlinux_shared/packages_dev/hipp/cmake/CMakeFiles/CMakeTmp

Run Build Command:"/usr/bin/make" "cmTC_59176/fast"
/usr/bin/make -f CMakeFiles/cmTC_59176.dir/build.make CMakeFiles/cmTC_59176.dir/build
make[1]: Entering directory '/mnt/hgfs/vmlinux_shared/packages_dev/hipp/cmake/CMakeFiles/CMakeTmp'
Building CXX object CMakeFiles/cmTC_59176.dir/feature_tests.cxx.o
/usr/bin/c++    -std=c++14 -o CMakeFiles/cmTC_59176.dir/feature_tests.cxx.o -c /mnt/hgfs/vmlinux_shared/packages_dev/hipp/cmake/CMakeFiles/feature_tests.cxx
Linking CXX executable cmTC_59176
/usr/bin/cmake -E cmake_link_script CMakeFiles/cmTC_59176.dir/link.txt --verbose=1
/usr/bin/c++       CMakeFiles/cmTC_59176.dir/feature_tests.cxx.o  -o cmTC_59176 
make[1]: Leaving directory '/mnt/hgfs/vmlinux_shared/packages_dev/hipp/cmake/CMakeFiles/CMakeTmp'


    Feature record: CXX_FEATURE:1cxx_aggregate_default_initializers
    Feature record: CXX_FEATURE:1cxx_alias_templates
    Feature record: CXX_FEATURE:1cxx_alignas
    Feature record: CXX_FEATURE:1cxx_alignof
    Feature record: CXX_FEATURE:1cxx_attributes
    Feature record: CXX_FEATURE:1cxx_attribute_deprecated
    Feature record: CXX_FEATURE:1cxx_auto_type
    Feature record: CXX_FEATURE:1cxx_binary_literals
    Feature record: CXX_FEATURE:1cxx_constexpr
    Feature record: CXX_FEATURE:1cxx_contextual_conversions
    Feature record: CXX_FEATURE:1cxx_decltype
    Feature record: CXX_FEATURE:1cxx_decltype_auto
    Feature record: CXX_FEATURE:1cxx_decltype_incomplete_return_types
    Feature record: CXX_FEATURE:1cxx_default_function_template_args
    Feature record: CXX_FEATURE:1cxx_defaulted_functions
    Feature record: CXX_FEATURE:1cxx_defaulted_move_initializers
    Feature record: CXX_FEATURE:1cxx_delegating_constructors
    Feature record: CXX_FEATURE:1cxx_deleted_functions
    Feature record: CXX_FEATURE:1cxx_digit_separators
    Feature record: CXX_FEATURE:1cxx_enum_forward_declarations
    Feature record: CXX_FEATURE:1cxx_explicit_conversions
    Feature record: CXX_FEATURE:1cxx_extended_friend_declarations
    Feature record: CXX_FEATURE:1cxx_extern_templates
    Feature record: CXX_FEATURE:1cxx_final
    Feature record: CXX_FEATURE:1cxx_func_identifier
    Feature record: CXX_FEATURE:1cxx_generalized_initializers
    Feature record: CXX_FEATURE:1cxx_generic_lambdas
    Feature record: CXX_FEATURE:1cxx_inheriting_constructors
    Feature record: CXX_FEATURE:1cxx_inline_namespaces
    Feature record: CXX_FEATURE:1cxx_lambdas
    Feature record: CXX_FEATURE:1cxx_lambda_init_captures
    Feature record: CXX_FEATURE:1cxx_local_type_template_args
    Feature record: CXX_FEATURE:1cxx_long_long_type
    Feature record: CXX_FEATURE:1cxx_noexcept
    Feature record: CXX_FEATURE:1cxx_nonstatic_member_init
    Feature record: CXX_FEATURE:1cxx_nullptr
    Feature record: CXX_FEATURE:1cxx_override
    Feature record: CXX_FEATURE:1cxx_range_for
    Feature record: CXX_FEATURE:1cxx_raw_string_literals
    Feature record: CXX_FEATURE:1cxx_reference_qualified_functions
    Feature record: CXX_FEATURE:1cxx_relaxed_constexpr
    Feature record: CXX_FEATURE:1cxx_return_type_deduction
    Feature record: CXX_FEATURE:1cxx_right_angle_brackets
    Feature record: CXX_FEATURE:1cxx_rvalue_references
    Feature record: CXX_FEATURE:1cxx_sizeof_member
    Feature record: CXX_FEATURE:1cxx_static_assert
    Feature record: CXX_FEATURE:1cxx_strong_enums
    Feature record: CXX_FEATURE:1cxx_template_template_parameters
    Feature record: CXX_FEATURE:1cxx_thread_local
    Feature record: CXX_FEATURE:1cxx_trailing_return_types
    Feature record: CXX_FEATURE:1cxx_unicode_literals
    Feature record: CXX_FEATURE:1cxx_uniform_initialization
    Feature record: CXX_FEATURE:1cxx_unrestricted_unions
    Feature record: CXX_FEATURE:1cxx_user_literals
    Feature record: CXX_FEATURE:1cxx_variable_templates
    Feature record: CXX_FEATURE:1cxx_variadic_macros
    Feature record: CXX_FEATURE:1cxx_variadic_templates


Detecting CXX [-std=c++11] compiler features compiled with the following output:
Change Dir: /mnt/hgfs/vmlinux_shared/packages_dev/hipp/cmake/CMakeFiles/CMakeTmp

Run Build Command:"/usr/bin/make" "cmTC_1b78a/fast"
/usr/bin/make -f CMakeFiles/cmTC_1b78a.dir/build.make CMakeFiles/cmTC_1b78a.dir/build
make[1]: Entering directory '/mnt/hgfs/vmlinux_shared/packages_dev/hipp/cmake/CMakeFiles/CMakeTmp'
Building CXX object CMakeFiles/cmTC_1b78a.dir/feature_tests.cxx.o
/usr/bin/c++    -std=c++11 -o CMakeFiles/cmTC_1b78a.dir/feature_tests.cxx.o -c /mnt/hgfs/vmlinux_shared/packages_dev/hipp/cmake/CMakeFiles/feature_tests.cxx
Linking CXX executable cmTC_1b78a
/usr/bin/cmake -E cmake_link_script CMakeFiles/cmTC_1b78a.dir/link.txt --verbose=1
/usr/bin/c++       CMakeFiles/cmTC_1b78a.dir/feature_tests.cxx.o  -o cmTC_1b78a 
make[1]: Leaving directory '/mnt/hgfs/vmlinux_shared/packages_dev/hipp/cmake/CMakeFiles/CMakeTmp'


    Feature record: CXX_FEATURE:0cxx_aggregate_default_initializers
    Feature record: CXX_FEATURE:1cxx_alias_templates
    Feature record: CXX_FEATURE:1cxx_alignas
    Feature record: CXX_FEATURE:1cxx_alignof
    Feature record: CXX_FEATURE:1cxx_attributes
    Feature record: CXX_FEATURE:0cxx_attribute_deprecated
    Feature record: CXX_FEATURE:1cxx_auto_type
    Feature record: CXX_FEATURE:0cxx_binary_literals
    Feature record: CXX_FEATURE:1cxx_constexpr
    Feature record: CXX_FEATURE:0cxx_contextual_conversions
    Feature record: CXX_FEATURE:1cxx_decltype
    Feature record: CXX_FEATURE:0cxx_decltype_auto
    Feature record: CXX_FEATURE:1cxx_decltype_incomplete_return_types
    Feature record: CXX_FEATURE:1cxx_default_function_template_args
    Feature record: CXX_FEATURE:1cxx_defaulted_functions
    Feature record: CXX_FEATURE:1cxx_defaulted_move_initializers
    Feature record: CXX_FEATURE:1cxx_delegating_constructors
    Feature record: CXX_FEATURE:1cxx_deleted_functions
    Feature record: CXX_FEATURE:0cxx_digit_separators
    Feature record: CXX_FEATURE:1cxx_enum_forward_declarations
    Feature record: CXX_FEATURE:1cxx_explicit_conversions
    Feature record: CXX_FEATURE:1cxx_extended_friend_declarations
    Feature record: CXX_FEATURE:1cxx_extern_templates
    Feature record: CXX_FEATURE:1cxx_final
    Feature record: CXX_FEATURE:1cxx_func_identifier
    Feature record: CXX_FEATURE:1cxx_generalized_initializers
    Feature record: CXX_FEATURE:0cxx_generic_lambdas
    Feature record: CXX_FEATURE:1cxx_inheriting_constructors
    Feature record: CXX_FEATURE:1cxx_inline_namespaces
    Feature record: CXX_FEATURE:1cxx_lambdas
    Feature record: CXX_FEATURE:0cxx_lambda_init_captures
    Feature record: CXX_FEATURE:1cxx_local_type_template_args
    Feature record: CXX_FEATURE:1cxx_long_long_type
    Feature record: CXX_FEATURE:1cxx_noexcept
    Feature record: CXX_FEATURE:1cxx_nonstatic_member_init
    Feature record: CXX_FEATURE:1cxx_nullptr
    Feature record: CXX_FEATURE:1cxx_override
    Feature record: CXX_FEATURE:1cxx_range_for
    Feature record: CXX_FEATURE:1cxx_raw_string_literals
    Feature record: CXX_FEATURE:1cxx_reference_qualified_functions
    Feature record: CXX_FEATURE:0cxx_relaxed_constexpr
    Feature record: CXX_FEATURE:0cxx_return_type_deduction
    Feature record: CXX_FEATURE:1cxx_right_angle_brackets
    Feature record: CXX_FEATURE:1cxx_rvalue_references
    Feature record: CXX_FEATURE:1cxx_sizeof_member
    Feature record: CXX_FEATURE:1cxx_static_assert
    Feature record: CXX_FEATURE:1cxx_strong_enums
    Feature record: CXX_FEATURE:1cxx_template_template_parameters
    Feature record: CXX_FEATURE:1cxx_thread_local
    Feature record: CXX_FEATURE:1cxx_trailing_return_types
    Feature record: CXX_FEATURE:1cxx_unicode_literals
    Feature record: CXX_FEATURE:1cxx_uniform_initialization
    Feature record: CXX_FEATURE:1cxx_unrestricted_unions
    Feature record: CXX_FEATURE:1cxx_user_literals
    Feature record: CXX_FEATURE:0cxx_variable_templates
    Feature record: CXX_FEATURE:1cxx_variadic_macros
    Feature record: CXX_FEATURE:1cxx_variadic_templates


Detecting CXX [-std=c++98] compiler features compiled with the following output:
Change Dir: /mnt/hgfs/vmlinux_shared/packages_dev/hipp/cmake/CMakeFiles/CMakeTmp

Run Build Command:"/usr/bin/make" "cmTC_61b6a/fast"
/usr/bin/make -f CMakeFiles/cmTC_61b6a.dir/build.make CMakeFiles/cmTC_61b6a.dir/build
make[1]: Entering directory '/mnt/hgfs/vmlinux_shared/packages_dev/hipp/cmake/CMakeFiles/CMakeTmp'
Building CXX object CMakeFiles/cmTC_61b6a.dir/feature_tests.cxx.o
/usr/bin/c++    -std=c++98 -o CMakeFiles/cmTC_61b6a.dir/feature_tests.cxx.o -c /mnt/hgfs/vmlinux_shared/packages_dev/hipp/cmake/CMakeFiles/feature_tests.cxx
Linking CXX executable cmTC_61b6a
/usr/bin/cmake -E cmake_link_script CMakeFiles/cmTC_61b6a.dir/link.txt --verbose=1
/usr/bin/c++       CMakeFiles/cmTC_61b6a.dir/feature_tests.cxx.o  -o cmTC_61b6a 
make[1]: Leaving directory '/mnt/hgfs/vmlinux_shared/packages_dev/hipp/cmake/CMakeFiles/CMakeTmp'


    Feature record: CXX_FEATURE:0cxx_aggregate_default_initializers
    Feature record: CXX_FEATURE:0cxx_alias_templates
    Feature record: CXX_FEATURE:0cxx_alignas
    Feature record: CXX_FEATURE:0cxx_alignof
    Feature record: CXX_FEATURE:0cxx_attributes
    Feature record: CXX_FEATURE:0cxx_attribute_deprecated
    Feature record: CXX_FEATURE:0cxx_auto_type
    Feature record: CXX_FEATURE:0cxx_binary_literals
    Feature record: CXX_FEATURE:0cxx_constexpr
    Feature record: CXX_FEATURE:0cxx_contextual_conversions
    Feature record: CXX_FEATURE:0cxx_decltype
    Feature record: CXX_FEATURE:0cxx_decltype_auto
    Feature record: CXX_FEATURE:0cxx_decltype_incomplete_return_types
    Feature record: CXX_FEATURE:0cxx_default_function_template_args
    Feature record: CXX_FEATURE:0cxx_defaulted_functions
    Feature record: CXX_FEATURE:0cxx_defaulted_move_initializers
    Feature record: CXX_FEATURE:0cxx_delegating_constructors
    Feature record: CXX_FEATURE:0cxx_deleted_functions
    Feature record: CXX_FEATURE:0cxx_digit_separators
    Feature record: CXX_FEATURE:0cxx_enum_forward_declarations
    Feature record: CXX_FEATURE:0cxx_explicit_conversions
    Feature record: CXX_FEATURE:0cxx_extended_friend_declarations
    Feature record: CXX_FEATURE:0cxx_extern_templates
    Feature record: CXX_FEATURE:0cxx_final
    Feature record: CXX_FEATURE:0cxx_func_identifier
    Feature record: CXX_FEATURE:0cxx_generalized_initializers
    Feature record: CXX_FEATURE:0cxx_generic_lambdas
    Feature record: CXX_FEATURE:0cxx_inheriting_constructors
    Feature record: CXX_FEATURE:0cxx_inline_namespaces
    Feature record: CXX_FEATURE:0cxx_lambdas
    Feature record: CXX_FEATURE:0cxx_lambda_init_captures
    Feature record: CXX_FEATURE:0cxx_local_type_template_args
    Feature record: CXX_FEATURE:0cxx_long_long_type
    Feature record: CXX_FEATURE:0cxx_noexcept
    Feature record: CXX_FEATURE:0cxx_nonstatic_member_init
    Feature record: CXX_FEATURE:0cxx_nullptr
    Feature record: CXX_FEATURE:0cxx_override
    Feature record: CXX_FEATURE:0cxx_range_for
    Feature record: CXX_FEATURE:0cxx_raw_string_literals
    Feature record: CXX_FEATURE:0cxx_reference_qualified_functions
    Feature record: CXX_FEATURE:0cxx_relaxed_constexpr
    Feature record: CXX_FEATURE:0cxx_return_type_deduction
    Feature record: CXX_FEATURE:0cxx_right_angle_brackets
    Feature record: CXX_FEATURE:0cxx_rvalue_references
    Feature record: CXX_FEATURE:0cxx_sizeof_member
    Feature record: CXX_FEATURE:0cxx_static_assert
    Feature record: CXX_FEATURE:0cxx_strong_enums
    Feature record: CXX_FEATURE:1cxx_template_template_parameters
    Feature record: CXX_FEATURE:0cxx_thread_local
    Feature record: CXX_FEATURE:0cxx_trailing_return_types
    Feature record: CXX_FEATURE:0cxx_unicode_literals
    Feature record: CXX_FEATURE:0cxx_uniform_initialization
    Feature record: CXX_FEATURE:0cxx_unrestricted_unions
    Feature record: CXX_FEATURE:0cxx_user_literals
    Feature record: CXX_FEATURE:0cxx_variable_templates
    Feature record: CXX_FEATURE:0cxx_variadic_macros
    Feature record: CXX_FEATURE:0cxx_variadic_templates
